22-Mar-2017 14:24:52.428 INFO [main] org.apache.catalina.startup.VersionLoggerListener.log Server version:        Apache Tomcat/8.0.36
22-Mar-2017 14:24:52.430 INFO [main] org.apache.catalina.startup.VersionLoggerListener.log Server built:          Jun 9 2016 13:55:50 UTC
22-Mar-2017 14:24:52.430 INFO [main] org.apache.catalina.startup.VersionLoggerListener.log Server number:         8.0.36.0
22-Mar-2017 14:24:52.430 INFO [main] org.apache.catalina.startup.VersionLoggerListener.log OS Name:               Windows 8.1
22-Mar-2017 14:24:52.430 INFO [main] org.apache.catalina.startup.VersionLoggerListener.log OS Version:            6.3
22-Mar-2017 14:24:52.431 INFO [main] org.apache.catalina.startup.VersionLoggerListener.log Architecture:          amd64
22-Mar-2017 14:24:52.431 INFO [main] org.apache.catalina.startup.VersionLoggerListener.log Java Home:             C:\Program Files\Java\jdk1.8.0_05\jre
22-Mar-2017 14:24:52.431 INFO [main] org.apache.catalina.startup.VersionLoggerListener.log JVM Version:           1.8.0_05-b13
22-Mar-2017 14:24:52.431 INFO [main] org.apache.catalina.startup.VersionLoggerListener.log JVM Vendor:            Oracle Corporation
22-Mar-2017 14:24:52.432 INFO [main] org.apache.catalina.startup.VersionLoggerListener.log CATALINA_BASE:         C:\apache-tomcat-8.0.36
22-Mar-2017 14:24:52.432 INFO [main] org.apache.catalina.startup.VersionLoggerListener.log CATALINA_HOME:         C:\apache-tomcat-8.0.36
22-Mar-2017 14:24:52.432 INFO [main] org.apache.catalina.startup.VersionLoggerListener.log Command line argument: -Djdk.tls.ephemeralDHKeySize=2048
22-Mar-2017 14:24:52.433 INFO [main] org.apache.catalina.startup.VersionLoggerListener.log Command line argument: -XX:+UnlockCommercialFeatures
22-Mar-2017 14:24:52.433 INFO [main] org.apache.catalina.startup.VersionLoggerListener.log Command line argument: -XX:+FlightRecorder
22-Mar-2017 14:24:52.433 INFO [main] org.apache.catalina.startup.VersionLoggerListener.log Command line argument: -Djava.util.logging.config.file=C:\apache-tomcat-8.0.36\conf\logging.properties
22-Mar-2017 14:24:52.434 INFO [main] org.apache.catalina.startup.VersionLoggerListener.log Command line argument: -Djava.util.logging.manager=org.apache.juli.ClassLoaderLogManager
22-Mar-2017 14:24:52.434 INFO [main] org.apache.catalina.startup.VersionLoggerListener.log Command line argument: -Djava.endorsed.dirs=C:\apache-tomcat-8.0.36\endorsed
22-Mar-2017 14:24:52.435 INFO [main] org.apache.catalina.startup.VersionLoggerListener.log Command line argument: -Dcatalina.base=C:\apache-tomcat-8.0.36
22-Mar-2017 14:24:52.435 INFO [main] org.apache.catalina.startup.VersionLoggerListener.log Command line argument: -Dcatalina.home=C:\apache-tomcat-8.0.36
22-Mar-2017 14:24:52.435 INFO [main] org.apache.catalina.startup.VersionLoggerListener.log Command line argument: -Djava.io.tmpdir=C:\apache-tomcat-8.0.36\temp
22-Mar-2017 14:24:52.436 INFO [main] org.apache.catalina.core.AprLifecycleListener.lifecycleEvent Loaded APR based Apache Tomcat Native library 1.2.7 using APR version 1.5.2.
22-Mar-2017 14:24:52.436 INFO [main] org.apache.catalina.core.AprLifecycleListener.lifecycleEvent APR capabilities: IPv6 [true], sendfile [true], accept filters [false], random [true].
22-Mar-2017 14:24:53.334 INFO [main] org.apache.catalina.core.AprLifecycleListener.initializeSSL OpenSSL successfully initialized (OpenSSL 1.0.2h  3 May 2016)
22-Mar-2017 14:24:53.474 INFO [main] org.apache.coyote.AbstractProtocol.init Initializing ProtocolHandler ["http-apr-8080"]
22-Mar-2017 14:24:53.486 INFO [main] org.apache.coyote.AbstractProtocol.init Initializing ProtocolHandler ["ajp-apr-8009"]
22-Mar-2017 14:24:53.488 INFO [main] org.apache.catalina.startup.Catalina.load Initialization processed in 1625 ms
22-Mar-2017 14:24:53.524 INFO [main] org.apache.catalina.core.StandardService.startInternal Starting service Catalina
22-Mar-2017 14:24:53.525 INFO [main] org.apache.catalina.core.StandardEngine.startInternal Starting Servlet Engine: Apache Tomcat/8.0.36
22-Mar-2017 14:24:53.593 INFO [localhost-startStop-1] org.apache.catalina.startup.HostConfig.deployWAR Deploying web application archive C:\apache-tomcat-8.0.36\webapps\web2.war
22-Mar-2017 14:24:54.077 INFO [localhost-startStop-1] org.apache.catalina.startup.HostConfig.deployWAR Deployment of web application archive C:\apache-tomcat-8.0.36\webapps\web2.war has finished in 483 ms
22-Mar-2017 14:24:54.078 INFO [localhost-startStop-1] org.apache.catalina.startup.HostConfig.deployDirectory Deploying web application directory C:\apache-tomcat-8.0.36\webapps\docs
22-Mar-2017 14:24:54.124 INFO [localhost-startStop-1] org.apache.catalina.startup.HostConfig.deployDirectory Deployment of web application directory C:\apache-tomcat-8.0.36\webapps\docs has finished in 46 ms
22-Mar-2017 14:24:54.125 INFO [localhost-startStop-1] org.apache.catalina.startup.HostConfig.deployDirectory Deploying web application directory C:\apache-tomcat-8.0.36\webapps\examples
22-Mar-2017 14:24:54.989 INFO [localhost-startStop-1] org.apache.catalina.startup.HostConfig.deployDirectory Deployment of web application directory C:\apache-tomcat-8.0.36\webapps\examples has finished in 864 ms
22-Mar-2017 14:24:54.990 INFO [localhost-startStop-1] org.apache.catalina.startup.HostConfig.deployDirectory Deploying web application directory C:\apache-tomcat-8.0.36\webapps\host-manager
22-Mar-2017 14:24:55.037 INFO [localhost-startStop-1] org.apache.catalina.startup.HostConfig.deployDirectory Deployment of web application directory C:\apache-tomcat-8.0.36\webapps\host-manager has finished in 47 ms
22-Mar-2017 14:24:55.038 INFO [localhost-startStop-1] org.apache.catalina.startup.HostConfig.deployDirectory Deploying web application directory C:\apache-tomcat-8.0.36\webapps\manager
22-Mar-2017 14:24:55.090 INFO [localhost-startStop-1] org.apache.catalina.startup.HostConfig.deployDirectory Deployment of web application directory C:\apache-tomcat-8.0.36\webapps\manager has finished in 51 ms
22-Mar-2017 14:24:55.090 INFO [localhost-startStop-1] org.apache.catalina.startup.HostConfig.deployDirectory Deploying web application directory C:\apache-tomcat-8.0.36\webapps\ROOT
22-Mar-2017 14:24:55.128 INFO [localhost-startStop-1] org.apache.catalina.startup.HostConfig.deployDirectory Deployment of web application directory C:\apache-tomcat-8.0.36\webapps\ROOT has finished in 38 ms
22-Mar-2017 14:24:55.131 INFO [main] org.apache.coyote.AbstractProtocol.start Starting ProtocolHandler ["http-apr-8080"]
22-Mar-2017 14:24:55.143 INFO [main] org.apache.coyote.AbstractProtocol.start Starting ProtocolHandler ["ajp-apr-8009"]
22-Mar-2017 14:24:55.147 INFO [main] org.apache.catalina.startup.Catalina.start Server startup in 1658 ms
22-Mar-2017 14:59:18.250 INFO [Thread-5] org.apache.coyote.AbstractProtocol.pause Pausing ProtocolHandler ["http-apr-8080"]
22-Mar-2017 14:59:18.305 INFO [Thread-5] org.apache.coyote.AbstractProtocol.pause Pausing ProtocolHandler ["ajp-apr-8009"]
22-Mar-2017 14:59:18.355 INFO [Thread-5] org.apache.catalina.core.StandardService.stopInternal Stopping service Catalina
22-Mar-2017 14:59:18.384 INFO [Thread-5] org.apache.coyote.AbstractProtocol.stop Stopping ProtocolHandler ["http-apr-8080"]
22-Mar-2017 14:59:18.438 INFO [Thread-5] org.apache.coyote.AbstractProtocol.stop Stopping ProtocolHandler ["ajp-apr-8009"]
22-Mar-2017 14:59:18.489 INFO [Thread-5] org.apache.coyote.AbstractProtocol.destroy Destroying ProtocolHandler ["http-apr-8080"]
22-Mar-2017 14:59:18.489 INFO [Thread-5] org.apache.coyote.AbstractProtocol.destroy Destroying ProtocolHandler ["ajp-apr-8009"]
22-Mar-2017 15:03:11.360 INFO [main] org.apache.catalina.startup.VersionLoggerListener.log Server version:        Apache Tomcat/8.0.36
22-Mar-2017 15:03:11.362 INFO [main] org.apache.catalina.startup.VersionLoggerListener.log Server built:          Jun 9 2016 13:55:50 UTC
22-Mar-2017 15:03:11.362 INFO [main] org.apache.catalina.startup.VersionLoggerListener.log Server number:         8.0.36.0
22-Mar-2017 15:03:11.362 INFO [main] org.apache.catalina.startup.VersionLoggerListener.log OS Name:               Windows 8.1
22-Mar-2017 15:03:11.362 INFO [main] org.apache.catalina.startup.VersionLoggerListener.log OS Version:            6.3
22-Mar-2017 15:03:11.363 INFO [main] org.apache.catalina.startup.VersionLoggerListener.log Architecture:          amd64
22-Mar-2017 15:03:11.363 INFO [main] org.apache.catalina.startup.VersionLoggerListener.log Java Home:             C:\Program Files\Java\jdk1.8.0_05\jre
22-Mar-2017 15:03:11.363 INFO [main] org.apache.catalina.startup.VersionLoggerListener.log JVM Version:           1.8.0_05-b13
22-Mar-2017 15:03:11.364 INFO [main] org.apache.catalina.startup.VersionLoggerListener.log JVM Vendor:            Oracle Corporation
22-Mar-2017 15:03:11.364 INFO [main] org.apache.catalina.startup.VersionLoggerListener.log CATALINA_BASE:         C:\apache-tomcat-8.0.36
22-Mar-2017 15:03:11.365 INFO [main] org.apache.catalina.startup.VersionLoggerListener.log CATALINA_HOME:         C:\apache-tomcat-8.0.36
22-Mar-2017 15:03:11.365 INFO [main] org.apache.catalina.startup.VersionLoggerListener.log Command line argument: -Djdk.tls.ephemeralDHKeySize=2048
22-Mar-2017 15:03:11.365 INFO [main] org.apache.catalina.startup.VersionLoggerListener.log Command line argument: -XX:+UnlockCommercialFeatures
22-Mar-2017 15:03:11.366 INFO [main] org.apache.catalina.startup.VersionLoggerListener.log Command line argument: -XX:+FlightRecorder
22-Mar-2017 15:03:11.366 INFO [main] org.apache.catalina.startup.VersionLoggerListener.log Command line argument: -XX:StartFlightRecording=duration=120s,filename=myrecording.jfr
22-Mar-2017 15:03:11.368 INFO [main] org.apache.catalina.startup.VersionLoggerListener.log Command line argument: -Djava.util.logging.config.file=C:\apache-tomcat-8.0.36\conf\logging.properties
22-Mar-2017 15:03:11.368 INFO [main] org.apache.catalina.startup.VersionLoggerListener.log Command line argument: -Djava.util.logging.manager=org.apache.juli.ClassLoaderLogManager
22-Mar-2017 15:03:11.368 INFO [main] org.apache.catalina.startup.VersionLoggerListener.log Command line argument: -Djava.endorsed.dirs=C:\apache-tomcat-8.0.36\endorsed
22-Mar-2017 15:03:11.368 INFO [main] org.apache.catalina.startup.VersionLoggerListener.log Command line argument: -Dcatalina.base=C:\apache-tomcat-8.0.36
22-Mar-2017 15:03:11.369 INFO [main] org.apache.catalina.startup.VersionLoggerListener.log Command line argument: -Dcatalina.home=C:\apache-tomcat-8.0.36
22-Mar-2017 15:03:11.369 INFO [main] org.apache.catalina.startup.VersionLoggerListener.log Command line argument: -Djava.io.tmpdir=C:\apache-tomcat-8.0.36\temp
22-Mar-2017 15:03:11.369 INFO [main] org.apache.catalina.core.AprLifecycleListener.lifecycleEvent Loaded APR based Apache Tomcat Native library 1.2.7 using APR version 1.5.2.
22-Mar-2017 15:03:11.370 INFO [main] org.apache.catalina.core.AprLifecycleListener.lifecycleEvent APR capabilities: IPv6 [true], sendfile [true], accept filters [false], random [true].
22-Mar-2017 15:03:12.346 INFO [main] org.apache.catalina.core.AprLifecycleListener.initializeSSL OpenSSL successfully initialized (OpenSSL 1.0.2h  3 May 2016)
22-Mar-2017 15:03:12.481 INFO [main] org.apache.coyote.AbstractProtocol.init Initializing ProtocolHandler ["http-apr-8080"]
22-Mar-2017 15:03:12.493 INFO [main] org.apache.coyote.AbstractProtocol.init Initializing ProtocolHandler ["ajp-apr-8009"]
22-Mar-2017 15:03:12.495 INFO [main] org.apache.catalina.startup.Catalina.load Initialization processed in 1502 ms
22-Mar-2017 15:03:12.529 INFO [main] org.apache.catalina.core.StandardService.startInternal Starting service Catalina
22-Mar-2017 15:03:12.530 INFO [main] org.apache.catalina.core.StandardEngine.startInternal Starting Servlet Engine: Apache Tomcat/8.0.36
22-Mar-2017 15:03:12.562 INFO [localhost-startStop-1] org.apache.catalina.startup.HostConfig.deployWAR Deploying web application archive C:\apache-tomcat-8.0.36\webapps\web2.war
22-Mar-2017 15:03:12.987 INFO [localhost-startStop-1] org.apache.catalina.startup.HostConfig.deployWAR Deployment of web application archive C:\apache-tomcat-8.0.36\webapps\web2.war has finished in 424 ms
22-Mar-2017 15:03:12.988 INFO [localhost-startStop-1] org.apache.catalina.startup.HostConfig.deployDirectory Deploying web application directory C:\apache-tomcat-8.0.36\webapps\docs
22-Mar-2017 15:03:13.014 INFO [localhost-startStop-1] org.apache.catalina.startup.HostConfig.deployDirectory Deployment of web application directory C:\apache-tomcat-8.0.36\webapps\docs has finished in 26 ms
22-Mar-2017 15:03:13.014 INFO [localhost-startStop-1] org.apache.catalina.startup.HostConfig.deployDirectory Deploying web application directory C:\apache-tomcat-8.0.36\webapps\examples
22-Mar-2017 15:03:13.357 INFO [localhost-startStop-1] org.apache.catalina.startup.HostConfig.deployDirectory Deployment of web application directory C:\apache-tomcat-8.0.36\webapps\examples has finished in 343 ms
22-Mar-2017 15:03:13.358 INFO [localhost-startStop-1] org.apache.catalina.startup.HostConfig.deployDirectory Deploying web application directory C:\apache-tomcat-8.0.36\webapps\host-manager
22-Mar-2017 15:03:13.392 INFO [localhost-startStop-1] org.apache.catalina.startup.HostConfig.deployDirectory Deployment of web application directory C:\apache-tomcat-8.0.36\webapps\host-manager has finished in 33 ms
22-Mar-2017 15:03:13.392 INFO [localhost-startStop-1] org.apache.catalina.startup.HostConfig.deployDirectory Deploying web application directory C:\apache-tomcat-8.0.36\webapps\manager
22-Mar-2017 15:03:13.422 INFO [localhost-startStop-1] org.apache.catalina.startup.HostConfig.deployDirectory Deployment of web application directory C:\apache-tomcat-8.0.36\webapps\manager has finished in 30 ms
22-Mar-2017 15:03:13.423 INFO [localhost-startStop-1] org.apache.catalina.startup.HostConfig.deployDirectory Deploying web application directory C:\apache-tomcat-8.0.36\webapps\ROOT
22-Mar-2017 15:03:13.448 INFO [localhost-startStop-1] org.apache.catalina.startup.HostConfig.deployDirectory Deployment of web application directory C:\apache-tomcat-8.0.36\webapps\ROOT has finished in 26 ms
22-Mar-2017 15:03:13.452 INFO [main] org.apache.coyote.AbstractProtocol.start Starting ProtocolHandler ["http-apr-8080"]
22-Mar-2017 15:03:13.464 INFO [main] org.apache.coyote.AbstractProtocol.start Starting ProtocolHandler ["ajp-apr-8009"]
22-Mar-2017 15:03:13.467 INFO [main] org.apache.catalina.startup.Catalina.start Server startup in 972 ms
22-Mar-2017 15:33:40.368 INFO [Thread-5] org.apache.coyote.AbstractProtocol.pause Pausing ProtocolHandler ["http-apr-8080"]
22-Mar-2017 15:33:40.423 INFO [Thread-5] org.apache.coyote.AbstractProtocol.pause Pausing ProtocolHandler ["ajp-apr-8009"]
22-Mar-2017 15:33:40.474 INFO [Thread-5] org.apache.catalina.core.StandardService.stopInternal Stopping service Catalina
22-Mar-2017 15:33:40.504 INFO [Thread-5] org.apache.coyote.AbstractProtocol.stop Stopping ProtocolHandler ["http-apr-8080"]
22-Mar-2017 15:33:40.556 INFO [Thread-5] org.apache.coyote.AbstractProtocol.stop Stopping ProtocolHandler ["ajp-apr-8009"]
22-Mar-2017 15:33:40.607 INFO [Thread-5] org.apache.coyote.AbstractProtocol.destroy Destroying ProtocolHandler ["http-apr-8080"]
22-Mar-2017 15:33:40.607 INFO [Thread-5] org.apache.coyote.AbstractProtocol.destroy Destroying ProtocolHandler ["ajp-apr-8009"]
22-Mar-2017 17:36:55.693 INFO [main] org.apache.catalina.startup.VersionLoggerListener.log Server version:        Apache Tomcat/8.0.36
22-Mar-2017 17:36:55.694 INFO [main] org.apache.catalina.startup.VersionLoggerListener.log Server built:          Jun 9 2016 13:55:50 UTC
22-Mar-2017 17:36:55.695 INFO [main] org.apache.catalina.startup.VersionLoggerListener.log Server number:         8.0.36.0
22-Mar-2017 17:36:55.695 INFO [main] org.apache.catalina.startup.VersionLoggerListener.log OS Name:               Windows 8.1
22-Mar-2017 17:36:55.695 INFO [main] org.apache.catalina.startup.VersionLoggerListener.log OS Version:            6.3
22-Mar-2017 17:36:55.695 INFO [main] org.apache.catalina.startup.VersionLoggerListener.log Architecture:          amd64
22-Mar-2017 17:36:55.696 INFO [main] org.apache.catalina.startup.VersionLoggerListener.log Java Home:             C:\Program Files\Java\jdk1.8.0_05\jre
22-Mar-2017 17:36:55.696 INFO [main] org.apache.catalina.startup.VersionLoggerListener.log JVM Version:           1.8.0_05-b13
22-Mar-2017 17:36:55.696 INFO [main] org.apache.catalina.startup.VersionLoggerListener.log JVM Vendor:            Oracle Corporation
22-Mar-2017 17:36:55.696 INFO [main] org.apache.catalina.startup.VersionLoggerListener.log CATALINA_BASE:         C:\apache-tomcat-8.0.36
22-Mar-2017 17:36:55.697 INFO [main] org.apache.catalina.startup.VersionLoggerListener.log CATALINA_HOME:         C:\apache-tomcat-8.0.36
22-Mar-2017 17:36:55.697 INFO [main] org.apache.catalina.startup.VersionLoggerListener.log Command line argument: -Djdk.tls.ephemeralDHKeySize=2048
22-Mar-2017 17:36:55.698 INFO [main] org.apache.catalina.startup.VersionLoggerListener.log Command line argument: -XX:+UnlockCommercialFeatures
22-Mar-2017 17:36:55.698 INFO [main] org.apache.catalina.startup.VersionLoggerListener.log Command line argument: -XX:+FlightRecorder
22-Mar-2017 17:36:55.699 INFO [main] org.apache.catalina.startup.VersionLoggerListener.log Command line argument: -XX:StartFlightRecording=duration=120s,filename=myrecording.jfr
22-Mar-2017 17:36:55.700 INFO [main] org.apache.catalina.startup.VersionLoggerListener.log Command line argument: -Djava.util.logging.config.file=C:\apache-tomcat-8.0.36\conf\logging.properties
22-Mar-2017 17:36:55.701 INFO [main] org.apache.catalina.startup.VersionLoggerListener.log Command line argument: -Djava.util.logging.manager=org.apache.juli.ClassLoaderLogManager
22-Mar-2017 17:36:55.701 INFO [main] org.apache.catalina.startup.VersionLoggerListener.log Command line argument: -Djava.endorsed.dirs=C:\apache-tomcat-8.0.36\endorsed
22-Mar-2017 17:36:55.701 INFO [main] org.apache.catalina.startup.VersionLoggerListener.log Command line argument: -Dcatalina.base=C:\apache-tomcat-8.0.36
22-Mar-2017 17:36:55.701 INFO [main] org.apache.catalina.startup.VersionLoggerListener.log Command line argument: -Dcatalina.home=C:\apache-tomcat-8.0.36
22-Mar-2017 17:36:55.702 INFO [main] org.apache.catalina.startup.VersionLoggerListener.log Command line argument: -Djava.io.tmpdir=C:\apache-tomcat-8.0.36\temp
22-Mar-2017 17:36:55.702 INFO [main] org.apache.catalina.core.AprLifecycleListener.lifecycleEvent Loaded APR based Apache Tomcat Native library 1.2.7 using APR version 1.5.2.
22-Mar-2017 17:36:55.702 INFO [main] org.apache.catalina.core.AprLifecycleListener.lifecycleEvent APR capabilities: IPv6 [true], sendfile [true], accept filters [false], random [true].
22-Mar-2017 17:36:56.480 INFO [main] org.apache.catalina.core.AprLifecycleListener.initializeSSL OpenSSL successfully initialized (OpenSSL 1.0.2h  3 May 2016)
22-Mar-2017 17:36:56.594 INFO [main] org.apache.coyote.AbstractProtocol.init Initializing ProtocolHandler ["http-apr-8080"]
22-Mar-2017 17:36:56.604 SEVERE [main] org.apache.coyote.AbstractProtocol.init Failed to initialize end point associated with ProtocolHandler ["http-apr-8080"]
 java.lang.Exception: Socket bind failed: [730013] An attempt was made to access a socket in a way forbidden by its access permissions.  
	at org.apache.tomcat.util.net.AprEndpoint.bind(AprEndpoint.java:471)
	at org.apache.tomcat.util.net.AbstractEndpoint.init(AbstractEndpoint.java:748)
	at org.apache.coyote.AbstractProtocol.init(AbstractProtocol.java:459)
	at org.apache.catalina.connector.Connector.initInternal(Connector.java:960)
	at org.apache.catalina.util.LifecycleBase.init(LifecycleBase.java:102)
	at org.apache.catalina.core.StandardService.initInternal(StandardService.java:568)
	at org.apache.catalina.util.LifecycleBase.init(LifecycleBase.java:102)
	at org.apache.catalina.core.StandardServer.initInternal(StandardServer.java:869)
	at org.apache.catalina.util.LifecycleBase.init(LifecycleBase.java:102)
	at org.apache.catalina.startup.Catalina.load(Catalina.java:580)
	at org.apache.catalina.startup.Catalina.load(Catalina.java:603)
	at sun.reflect.NativeMethodAccessorImpl.invoke0(Native Method)
	at sun.reflect.NativeMethodAccessorImpl.invoke(NativeMethodAccessorImpl.java:62)
	at sun.reflect.DelegatingMethodAccessorImpl.invoke(DelegatingMethodAccessorImpl.java:43)
	at java.lang.reflect.Method.invoke(Method.java:483)
	at org.apache.catalina.startup.Bootstrap.load(Bootstrap.java:310)
	at org.apache.catalina.startup.Bootstrap.main(Bootstrap.java:484)

22-Mar-2017 17:36:56.607 SEVERE [main] org.apache.catalina.core.StandardService.initInternal Failed to initialize connector [Connector[HTTP/1.1-8080]]
 org.apache.catalina.LifecycleException: Failed to initialize component [Connector[HTTP/1.1-8080]]
	at org.apache.catalina.util.LifecycleBase.init(LifecycleBase.java:106)
	at org.apache.catalina.core.StandardService.initInternal(StandardService.java:568)
	at org.apache.catalina.util.LifecycleBase.init(LifecycleBase.java:102)
	at org.apache.catalina.core.StandardServer.initInternal(StandardServer.java:869)
	at org.apache.catalina.util.LifecycleBase.init(LifecycleBase.java:102)
	at org.apache.catalina.startup.Catalina.load(Catalina.java:580)
	at org.apache.catalina.startup.Catalina.load(Catalina.java:603)
	at sun.reflect.NativeMethodAccessorImpl.invoke0(Native Method)
	at sun.reflect.NativeMethodAccessorImpl.invoke(NativeMethodAccessorImpl.java:62)
	at sun.reflect.DelegatingMethodAccessorImpl.invoke(DelegatingMethodAccessorImpl.java:43)
	at java.lang.reflect.Method.invoke(Method.java:483)
	at org.apache.catalina.startup.Bootstrap.load(Bootstrap.java:310)
	at org.apache.catalina.startup.Bootstrap.main(Bootstrap.java:484)
Caused by: org.apache.catalina.LifecycleException: Protocol handler initialization failed
	at org.apache.catalina.connector.Connector.initInternal(Connector.java:962)
	at org.apache.catalina.util.LifecycleBase.init(LifecycleBase.java:102)
	... 12 more
Caused by: java.lang.Exception: Socket bind failed: [730013] An attempt was made to access a socket in a way forbidden by its access permissions.  
	at org.apache.tomcat.util.net.AprEndpoint.bind(AprEndpoint.java:471)
	at org.apache.tomcat.util.net.AbstractEndpoint.init(AbstractEndpoint.java:748)
	at org.apache.coyote.AbstractProtocol.init(AbstractProtocol.java:459)
	at org.apache.catalina.connector.Connector.initInternal(Connector.java:960)
	... 13 more

22-Mar-2017 17:36:56.609 INFO [main] org.apache.coyote.AbstractProtocol.init Initializing ProtocolHandler ["ajp-apr-8009"]
22-Mar-2017 17:36:56.610 SEVERE [main] org.apache.coyote.AbstractProtocol.init Failed to initialize end point associated with ProtocolHandler ["ajp-apr-8009"]
 java.lang.Exception: Socket bind failed: [730013] An attempt was made to access a socket in a way forbidden by its access permissions.  
	at org.apache.tomcat.util.net.AprEndpoint.bind(AprEndpoint.java:471)
	at org.apache.tomcat.util.net.AbstractEndpoint.init(AbstractEndpoint.java:748)
	at org.apache.coyote.AbstractProtocol.init(AbstractProtocol.java:459)
	at org.apache.catalina.connector.Connector.initInternal(Connector.java:960)
	at org.apache.catalina.util.LifecycleBase.init(LifecycleBase.java:102)
	at org.apache.catalina.core.StandardService.initInternal(StandardService.java:568)
	at org.apache.catalina.util.LifecycleBase.init(LifecycleBase.java:102)
	at org.apache.catalina.core.StandardServer.initInternal(StandardServer.java:869)
	at org.apache.catalina.util.LifecycleBase.init(LifecycleBase.java:102)
	at org.apache.catalina.startup.Catalina.load(Catalina.java:580)
	at org.apache.catalina.startup.Catalina.load(Catalina.java:603)
	at sun.reflect.NativeMethodAccessorImpl.invoke0(Native Method)
	at sun.reflect.NativeMethodAccessorImpl.invoke(NativeMethodAccessorImpl.java:62)
	at sun.reflect.DelegatingMethodAccessorImpl.invoke(DelegatingMethodAccessorImpl.java:43)
	at java.lang.reflect.Method.invoke(Method.java:483)
	at org.apache.catalina.startup.Bootstrap.load(Bootstrap.java:310)
	at org.apache.catalina.startup.Bootstrap.main(Bootstrap.java:484)

22-Mar-2017 17:36:56.614 SEVERE [main] org.apache.catalina.core.StandardService.initInternal Failed to initialize connector [Connector[AJP/1.3-8009]]
 org.apache.catalina.LifecycleException: Failed to initialize component [Connector[AJP/1.3-8009]]
	at org.apache.catalina.util.LifecycleBase.init(LifecycleBase.java:106)
	at org.apache.catalina.core.StandardService.initInternal(StandardService.java:568)
	at org.apache.catalina.util.LifecycleBase.init(LifecycleBase.java:102)
	at org.apache.catalina.core.StandardServer.initInternal(StandardServer.java:869)
	at org.apache.catalina.util.LifecycleBase.init(LifecycleBase.java:102)
	at org.apache.catalina.startup.Catalina.load(Catalina.java:580)
	at org.apache.catalina.startup.Catalina.load(Catalina.java:603)
	at sun.reflect.NativeMethodAccessorImpl.invoke0(Native Method)
	at sun.reflect.NativeMethodAccessorImpl.invoke(NativeMethodAccessorImpl.java:62)
	at sun.reflect.DelegatingMethodAccessorImpl.invoke(DelegatingMethodAccessorImpl.java:43)
	at java.lang.reflect.Method.invoke(Method.java:483)
	at org.apache.catalina.startup.Bootstrap.load(Bootstrap.java:310)
	at org.apache.catalina.startup.Bootstrap.main(Bootstrap.java:484)
Caused by: org.apache.catalina.LifecycleException: Protocol handler initialization failed
	at org.apache.catalina.connector.Connector.initInternal(Connector.java:962)
	at org.apache.catalina.util.LifecycleBase.init(LifecycleBase.java:102)
	... 12 more
Caused by: java.lang.Exception: Socket bind failed: [730013] An attempt was made to access a socket in a way forbidden by its access permissions.  
	at org.apache.tomcat.util.net.AprEndpoint.bind(AprEndpoint.java:471)
	at org.apache.tomcat.util.net.AbstractEndpoint.init(AbstractEndpoint.java:748)
	at org.apache.coyote.AbstractProtocol.init(AbstractProtocol.java:459)
	at org.apache.catalina.connector.Connector.initInternal(Connector.java:960)
	... 13 more

22-Mar-2017 17:36:56.617 INFO [main] org.apache.catalina.startup.Catalina.load Initialization processed in 1258 ms
22-Mar-2017 17:36:56.646 INFO [main] org.apache.catalina.core.StandardService.startInternal Starting service Catalina
22-Mar-2017 17:36:56.646 INFO [main] org.apache.catalina.core.StandardEngine.startInternal Starting Servlet Engine: Apache Tomcat/8.0.36
22-Mar-2017 17:36:56.672 INFO [localhost-startStop-1] org.apache.catalina.startup.HostConfig.deployWAR Deploying web application archive C:\apache-tomcat-8.0.36\webapps\web2.war
22-Mar-2017 17:36:57.086 INFO [localhost-startStop-1] org.apache.catalina.startup.HostConfig.deployWAR Deployment of web application archive C:\apache-tomcat-8.0.36\webapps\web2.war has finished in 414 ms
22-Mar-2017 17:36:57.088 INFO [localhost-startStop-1] org.apache.catalina.startup.HostConfig.deployDirectory Deploying web application directory C:\apache-tomcat-8.0.36\webapps\docs
22-Mar-2017 17:36:57.105 INFO [localhost-startStop-1] org.apache.catalina.startup.HostConfig.deployDirectory Deployment of web application directory C:\apache-tomcat-8.0.36\webapps\docs has finished in 17 ms
22-Mar-2017 17:36:57.105 INFO [localhost-startStop-1] org.apache.catalina.startup.HostConfig.deployDirectory Deploying web application directory C:\apache-tomcat-8.0.36\webapps\examples
22-Mar-2017 17:36:57.431 INFO [localhost-startStop-1] org.apache.catalina.startup.HostConfig.deployDirectory Deployment of web application directory C:\apache-tomcat-8.0.36\webapps\examples has finished in 326 ms
22-Mar-2017 17:36:57.431 INFO [localhost-startStop-1] org.apache.catalina.startup.HostConfig.deployDirectory Deploying web application directory C:\apache-tomcat-8.0.36\webapps\host-manager
22-Mar-2017 17:36:57.462 INFO [localhost-startStop-1] org.apache.catalina.startup.HostConfig.deployDirectory Deployment of web application directory C:\apache-tomcat-8.0.36\webapps\host-manager has finished in 31 ms
22-Mar-2017 17:36:57.462 INFO [localhost-startStop-1] org.apache.catalina.startup.HostConfig.deployDirectory Deploying web application directory C:\apache-tomcat-8.0.36\webapps\manager
22-Mar-2017 17:36:57.490 INFO [localhost-startStop-1] org.apache.catalina.startup.HostConfig.deployDirectory Deployment of web application directory C:\apache-tomcat-8.0.36\webapps\manager has finished in 28 ms
22-Mar-2017 17:36:57.490 INFO [localhost-startStop-1] org.apache.catalina.startup.HostConfig.deployDirectory Deploying web application directory C:\apache-tomcat-8.0.36\webapps\ROOT
22-Mar-2017 17:36:57.514 INFO [localhost-startStop-1] org.apache.catalina.startup.HostConfig.deployDirectory Deployment of web application directory C:\apache-tomcat-8.0.36\webapps\ROOT has finished in 24 ms
22-Mar-2017 17:36:57.518 INFO [main] org.apache.catalina.startup.Catalina.start Server startup in 900 ms
22-Mar-2017 17:36:57.528 SEVERE [main] org.apache.catalina.core.StandardServer.await StandardServer.await: create[localhost:8005]: 
 java.net.BindException: Address already in use: JVM_Bind
	at java.net.DualStackPlainSocketImpl.bind0(Native Method)
	at java.net.DualStackPlainSocketImpl.socketBind(DualStackPlainSocketImpl.java:106)
	at java.net.AbstractPlainSocketImpl.bind(AbstractPlainSocketImpl.java:382)
	at java.net.PlainSocketImpl.bind(PlainSocketImpl.java:190)
	at java.net.ServerSocket.bind(ServerSocket.java:375)
	at java.net.ServerSocket.<init>(ServerSocket.java:237)
	at org.apache.catalina.core.StandardServer.await(StandardServer.java:438)
	at org.apache.catalina.startup.Catalina.await(Catalina.java:717)
	at org.apache.catalina.startup.Catalina.start(Catalina.java:663)
	at sun.reflect.NativeMethodAccessorImpl.invoke0(Native Method)
	at sun.reflect.NativeMethodAccessorImpl.invoke(NativeMethodAccessorImpl.java:62)
	at sun.reflect.DelegatingMethodAccessorImpl.invoke(DelegatingMethodAccessorImpl.java:43)
	at java.lang.reflect.Method.invoke(Method.java:483)
	at org.apache.catalina.startup.Bootstrap.start(Bootstrap.java:351)
	at org.apache.catalina.startup.Bootstrap.main(Bootstrap.java:485)

22-Mar-2017 17:36:57.530 INFO [main] org.apache.coyote.AbstractProtocol.pause Pausing ProtocolHandler ["http-apr-8080"]
22-Mar-2017 17:36:57.530 INFO [main] org.apache.coyote.AbstractProtocol.pause Pausing ProtocolHandler ["ajp-apr-8009"]
22-Mar-2017 17:36:57.533 INFO [main] org.apache.catalina.core.StandardService.stopInternal Stopping service Catalina
22-Mar-2017 17:36:57.562 INFO [main] org.apache.coyote.AbstractProtocol.stop Stopping ProtocolHandler ["http-apr-8080"]
22-Mar-2017 17:36:57.563 INFO [main] org.apache.coyote.AbstractProtocol.destroy Destroying ProtocolHandler ["http-apr-8080"]
22-Mar-2017 17:36:57.563 INFO [main] org.apache.coyote.AbstractProtocol.stop Stopping ProtocolHandler ["ajp-apr-8009"]
22-Mar-2017 17:36:57.565 INFO [main] org.apache.coyote.AbstractProtocol.destroy Destroying ProtocolHandler ["ajp-apr-8009"]
22-Mar-2017 17:37:07.719 INFO [main] org.apache.catalina.startup.VersionLoggerListener.log Server version:        Apache Tomcat/8.0.36
22-Mar-2017 17:37:07.720 INFO [main] org.apache.catalina.startup.VersionLoggerListener.log Server built:          Jun 9 2016 13:55:50 UTC
22-Mar-2017 17:37:07.721 INFO [main] org.apache.catalina.startup.VersionLoggerListener.log Server number:         8.0.36.0
22-Mar-2017 17:37:07.721 INFO [main] org.apache.catalina.startup.VersionLoggerListener.log OS Name:               Windows 8.1
22-Mar-2017 17:37:07.721 INFO [main] org.apache.catalina.startup.VersionLoggerListener.log OS Version:            6.3
22-Mar-2017 17:37:07.721 INFO [main] org.apache.catalina.startup.VersionLoggerListener.log Architecture:          amd64
22-Mar-2017 17:37:07.722 INFO [main] org.apache.catalina.startup.VersionLoggerListener.log Java Home:             C:\Program Files\Java\jdk1.8.0_05\jre
22-Mar-2017 17:37:07.722 INFO [main] org.apache.catalina.startup.VersionLoggerListener.log JVM Version:           1.8.0_05-b13
22-Mar-2017 17:37:07.722 INFO [main] org.apache.catalina.startup.VersionLoggerListener.log JVM Vendor:            Oracle Corporation
22-Mar-2017 17:37:07.722 INFO [main] org.apache.catalina.startup.VersionLoggerListener.log CATALINA_BASE:         C:\apache-tomcat-8.0.36
22-Mar-2017 17:37:07.722 INFO [main] org.apache.catalina.startup.VersionLoggerListener.log CATALINA_HOME:         C:\apache-tomcat-8.0.36
22-Mar-2017 17:37:07.723 INFO [main] org.apache.catalina.startup.VersionLoggerListener.log Command line argument: -Djdk.tls.ephemeralDHKeySize=2048
22-Mar-2017 17:37:07.723 INFO [main] org.apache.catalina.startup.VersionLoggerListener.log Command line argument: -XX:+UnlockCommercialFeatures
22-Mar-2017 17:37:07.723 INFO [main] org.apache.catalina.startup.VersionLoggerListener.log Command line argument: -XX:+FlightRecorder
22-Mar-2017 17:37:07.723 INFO [main] org.apache.catalina.startup.VersionLoggerListener.log Command line argument: -XX:StartFlightRecording=duration=120s,filename=myrecording.jfr
22-Mar-2017 17:37:07.724 INFO [main] org.apache.catalina.startup.VersionLoggerListener.log Command line argument: -Djava.util.logging.config.file=C:\apache-tomcat-8.0.36\conf\logging.properties
22-Mar-2017 17:37:07.724 INFO [main] org.apache.catalina.startup.VersionLoggerListener.log Command line argument: -Djava.util.logging.manager=org.apache.juli.ClassLoaderLogManager
22-Mar-2017 17:37:07.724 INFO [main] org.apache.catalina.startup.VersionLoggerListener.log Command line argument: -Djava.endorsed.dirs=C:\apache-tomcat-8.0.36\endorsed
22-Mar-2017 17:37:07.724 INFO [main] org.apache.catalina.startup.VersionLoggerListener.log Command line argument: -Dcatalina.base=C:\apache-tomcat-8.0.36
22-Mar-2017 17:37:07.725 INFO [main] org.apache.catalina.startup.VersionLoggerListener.log Command line argument: -Dcatalina.home=C:\apache-tomcat-8.0.36
22-Mar-2017 17:37:07.725 INFO [main] org.apache.catalina.startup.VersionLoggerListener.log Command line argument: -Djava.io.tmpdir=C:\apache-tomcat-8.0.36\temp
22-Mar-2017 17:37:07.725 INFO [main] org.apache.catalina.core.AprLifecycleListener.lifecycleEvent Loaded APR based Apache Tomcat Native library 1.2.7 using APR version 1.5.2.
22-Mar-2017 17:37:07.725 INFO [main] org.apache.catalina.core.AprLifecycleListener.lifecycleEvent APR capabilities: IPv6 [true], sendfile [true], accept filters [false], random [true].
22-Mar-2017 17:37:08.499 INFO [main] org.apache.catalina.core.AprLifecycleListener.initializeSSL OpenSSL successfully initialized (OpenSSL 1.0.2h  3 May 2016)
22-Mar-2017 17:37:08.627 INFO [main] org.apache.coyote.AbstractProtocol.init Initializing ProtocolHandler ["http-apr-8080"]
22-Mar-2017 17:37:08.637 SEVERE [main] org.apache.coyote.AbstractProtocol.init Failed to initialize end point associated with ProtocolHandler ["http-apr-8080"]
 java.lang.Exception: Socket bind failed: [730013] An attempt was made to access a socket in a way forbidden by its access permissions.  
	at org.apache.tomcat.util.net.AprEndpoint.bind(AprEndpoint.java:471)
	at org.apache.tomcat.util.net.AbstractEndpoint.init(AbstractEndpoint.java:748)
	at org.apache.coyote.AbstractProtocol.init(AbstractProtocol.java:459)
	at org.apache.catalina.connector.Connector.initInternal(Connector.java:960)
	at org.apache.catalina.util.LifecycleBase.init(LifecycleBase.java:102)
	at org.apache.catalina.core.StandardService.initInternal(StandardService.java:568)
	at org.apache.catalina.util.LifecycleBase.init(LifecycleBase.java:102)
	at org.apache.catalina.core.StandardServer.initInternal(StandardServer.java:869)
	at org.apache.catalina.util.LifecycleBase.init(LifecycleBase.java:102)
	at org.apache.catalina.startup.Catalina.load(Catalina.java:580)
	at org.apache.catalina.startup.Catalina.load(Catalina.java:603)
	at sun.reflect.NativeMethodAccessorImpl.invoke0(Native Method)
	at sun.reflect.NativeMethodAccessorImpl.invoke(NativeMethodAccessorImpl.java:62)
	at sun.reflect.DelegatingMethodAccessorImpl.invoke(DelegatingMethodAccessorImpl.java:43)
	at java.lang.reflect.Method.invoke(Method.java:483)
	at org.apache.catalina.startup.Bootstrap.load(Bootstrap.java:310)
	at org.apache.catalina.startup.Bootstrap.main(Bootstrap.java:484)

22-Mar-2017 17:37:08.640 SEVERE [main] org.apache.catalina.core.StandardService.initInternal Failed to initialize connector [Connector[HTTP/1.1-8080]]
 org.apache.catalina.LifecycleException: Failed to initialize component [Connector[HTTP/1.1-8080]]
	at org.apache.catalina.util.LifecycleBase.init(LifecycleBase.java:106)
	at org.apache.catalina.core.StandardService.initInternal(StandardService.java:568)
	at org.apache.catalina.util.LifecycleBase.init(LifecycleBase.java:102)
	at org.apache.catalina.core.StandardServer.initInternal(StandardServer.java:869)
	at org.apache.catalina.util.LifecycleBase.init(LifecycleBase.java:102)
	at org.apache.catalina.startup.Catalina.load(Catalina.java:580)
	at org.apache.catalina.startup.Catalina.load(Catalina.java:603)
	at sun.reflect.NativeMethodAccessorImpl.invoke0(Native Method)
	at sun.reflect.NativeMethodAccessorImpl.invoke(NativeMethodAccessorImpl.java:62)
	at sun.reflect.DelegatingMethodAccessorImpl.invoke(DelegatingMethodAccessorImpl.java:43)
	at java.lang.reflect.Method.invoke(Method.java:483)
	at org.apache.catalina.startup.Bootstrap.load(Bootstrap.java:310)
	at org.apache.catalina.startup.Bootstrap.main(Bootstrap.java:484)
Caused by: org.apache.catalina.LifecycleException: Protocol handler initialization failed
	at org.apache.catalina.connector.Connector.initInternal(Connector.java:962)
	at org.apache.catalina.util.LifecycleBase.init(LifecycleBase.java:102)
	... 12 more
Caused by: java.lang.Exception: Socket bind failed: [730013] An attempt was made to access a socket in a way forbidden by its access permissions.  
	at org.apache.tomcat.util.net.AprEndpoint.bind(AprEndpoint.java:471)
	at org.apache.tomcat.util.net.AbstractEndpoint.init(AbstractEndpoint.java:748)
	at org.apache.coyote.AbstractProtocol.init(AbstractProtocol.java:459)
	at org.apache.catalina.connector.Connector.initInternal(Connector.java:960)
	... 13 more

22-Mar-2017 17:37:08.643 INFO [main] org.apache.coyote.AbstractProtocol.init Initializing ProtocolHandler ["ajp-apr-8009"]
22-Mar-2017 17:37:08.646 SEVERE [main] org.apache.coyote.AbstractProtocol.init Failed to initialize end point associated with ProtocolHandler ["ajp-apr-8009"]
 java.lang.Exception: Socket bind failed: [730013] An attempt was made to access a socket in a way forbidden by its access permissions.  
	at org.apache.tomcat.util.net.AprEndpoint.bind(AprEndpoint.java:471)
	at org.apache.tomcat.util.net.AbstractEndpoint.init(AbstractEndpoint.java:748)
	at org.apache.coyote.AbstractProtocol.init(AbstractProtocol.java:459)
	at org.apache.catalina.connector.Connector.initInternal(Connector.java:960)
	at org.apache.catalina.util.LifecycleBase.init(LifecycleBase.java:102)
	at org.apache.catalina.core.StandardService.initInternal(StandardService.java:568)
	at org.apache.catalina.util.LifecycleBase.init(LifecycleBase.java:102)
	at org.apache.catalina.core.StandardServer.initInternal(StandardServer.java:869)
	at org.apache.catalina.util.LifecycleBase.init(LifecycleBase.java:102)
	at org.apache.catalina.startup.Catalina.load(Catalina.java:580)
	at org.apache.catalina.startup.Catalina.load(Catalina.java:603)
	at sun.reflect.NativeMethodAccessorImpl.invoke0(Native Method)
	at sun.reflect.NativeMethodAccessorImpl.invoke(NativeMethodAccessorImpl.java:62)
	at sun.reflect.DelegatingMethodAccessorImpl.invoke(DelegatingMethodAccessorImpl.java:43)
	at java.lang.reflect.Method.invoke(Method.java:483)
	at org.apache.catalina.startup.Bootstrap.load(Bootstrap.java:310)
	at org.apache.catalina.startup.Bootstrap.main(Bootstrap.java:484)

22-Mar-2017 17:37:08.650 SEVERE [main] org.apache.catalina.core.StandardService.initInternal Failed to initialize connector [Connector[AJP/1.3-8009]]
 org.apache.catalina.LifecycleException: Failed to initialize component [Connector[AJP/1.3-8009]]
	at org.apache.catalina.util.LifecycleBase.init(LifecycleBase.java:106)
	at org.apache.catalina.core.StandardService.initInternal(StandardService.java:568)
	at org.apache.catalina.util.LifecycleBase.init(LifecycleBase.java:102)
	at org.apache.catalina.core.StandardServer.initInternal(StandardServer.java:869)
	at org.apache.catalina.util.LifecycleBase.init(LifecycleBase.java:102)
	at org.apache.catalina.startup.Catalina.load(Catalina.java:580)
	at org.apache.catalina.startup.Catalina.load(Catalina.java:603)
	at sun.reflect.NativeMethodAccessorImpl.invoke0(Native Method)
	at sun.reflect.NativeMethodAccessorImpl.invoke(NativeMethodAccessorImpl.java:62)
	at sun.reflect.DelegatingMethodAccessorImpl.invoke(DelegatingMethodAccessorImpl.java:43)
	at java.lang.reflect.Method.invoke(Method.java:483)
	at org.apache.catalina.startup.Bootstrap.load(Bootstrap.java:310)
	at org.apache.catalina.startup.Bootstrap.main(Bootstrap.java:484)
Caused by: org.apache.catalina.LifecycleException: Protocol handler initialization failed
	at org.apache.catalina.connector.Connector.initInternal(Connector.java:962)
	at org.apache.catalina.util.LifecycleBase.init(LifecycleBase.java:102)
	... 12 more
Caused by: java.lang.Exception: Socket bind failed: [730013] An attempt was made to access a socket in a way forbidden by its access permissions.  
	at org.apache.tomcat.util.net.AprEndpoint.bind(AprEndpoint.java:471)
	at org.apache.tomcat.util.net.AbstractEndpoint.init(AbstractEndpoint.java:748)
	at org.apache.coyote.AbstractProtocol.init(AbstractProtocol.java:459)
	at org.apache.catalina.connector.Connector.initInternal(Connector.java:960)
	... 13 more

22-Mar-2017 17:37:08.652 INFO [main] org.apache.catalina.startup.Catalina.load Initialization processed in 1277 ms
22-Mar-2017 17:37:08.685 INFO [main] org.apache.catalina.core.StandardService.startInternal Starting service Catalina
22-Mar-2017 17:37:08.686 INFO [main] org.apache.catalina.core.StandardEngine.startInternal Starting Servlet Engine: Apache Tomcat/8.0.36
22-Mar-2017 17:37:08.712 INFO [localhost-startStop-1] org.apache.catalina.startup.HostConfig.deployWAR Deploying web application archive C:\apache-tomcat-8.0.36\webapps\web2.war
22-Mar-2017 17:37:09.105 INFO [localhost-startStop-1] org.apache.catalina.startup.HostConfig.deployWAR Deployment of web application archive C:\apache-tomcat-8.0.36\webapps\web2.war has finished in 392 ms
22-Mar-2017 17:37:09.106 INFO [localhost-startStop-1] org.apache.catalina.startup.HostConfig.deployDirectory Deploying web application directory C:\apache-tomcat-8.0.36\webapps\docs
22-Mar-2017 17:37:09.134 INFO [localhost-startStop-1] org.apache.catalina.startup.HostConfig.deployDirectory Deployment of web application directory C:\apache-tomcat-8.0.36\webapps\docs has finished in 27 ms
22-Mar-2017 17:37:09.134 INFO [localhost-startStop-1] org.apache.catalina.startup.HostConfig.deployDirectory Deploying web application directory C:\apache-tomcat-8.0.36\webapps\examples
22-Mar-2017 17:37:09.433 INFO [localhost-startStop-1] org.apache.catalina.startup.HostConfig.deployDirectory Deployment of web application directory C:\apache-tomcat-8.0.36\webapps\examples has finished in 299 ms
22-Mar-2017 17:37:09.434 INFO [localhost-startStop-1] org.apache.catalina.startup.HostConfig.deployDirectory Deploying web application directory C:\apache-tomcat-8.0.36\webapps\host-manager
22-Mar-2017 17:37:09.467 INFO [localhost-startStop-1] org.apache.catalina.startup.HostConfig.deployDirectory Deployment of web application directory C:\apache-tomcat-8.0.36\webapps\host-manager has finished in 33 ms
22-Mar-2017 17:37:09.468 INFO [localhost-startStop-1] org.apache.catalina.startup.HostConfig.deployDirectory Deploying web application directory C:\apache-tomcat-8.0.36\webapps\manager
22-Mar-2017 17:37:09.495 INFO [localhost-startStop-1] org.apache.catalina.startup.HostConfig.deployDirectory Deployment of web application directory C:\apache-tomcat-8.0.36\webapps\manager has finished in 26 ms
22-Mar-2017 17:37:09.495 INFO [localhost-startStop-1] org.apache.catalina.startup.HostConfig.deployDirectory Deploying web application directory C:\apache-tomcat-8.0.36\webapps\ROOT
22-Mar-2017 17:37:09.518 INFO [localhost-startStop-1] org.apache.catalina.startup.HostConfig.deployDirectory Deployment of web application directory C:\apache-tomcat-8.0.36\webapps\ROOT has finished in 23 ms
22-Mar-2017 17:37:09.521 INFO [main] org.apache.catalina.startup.Catalina.start Server startup in 868 ms
22-Mar-2017 17:37:09.527 SEVERE [main] org.apache.catalina.core.StandardServer.await StandardServer.await: create[localhost:8005]: 
 java.net.BindException: Address already in use: JVM_Bind
	at java.net.DualStackPlainSocketImpl.bind0(Native Method)
	at java.net.DualStackPlainSocketImpl.socketBind(DualStackPlainSocketImpl.java:106)
	at java.net.AbstractPlainSocketImpl.bind(AbstractPlainSocketImpl.java:382)
	at java.net.PlainSocketImpl.bind(PlainSocketImpl.java:190)
	at java.net.ServerSocket.bind(ServerSocket.java:375)
	at java.net.ServerSocket.<init>(ServerSocket.java:237)
	at org.apache.catalina.core.StandardServer.await(StandardServer.java:438)
	at org.apache.catalina.startup.Catalina.await(Catalina.java:717)
	at org.apache.catalina.startup.Catalina.start(Catalina.java:663)
	at sun.reflect.NativeMethodAccessorImpl.invoke0(Native Method)
	at sun.reflect.NativeMethodAccessorImpl.invoke(NativeMethodAccessorImpl.java:62)
	at sun.reflect.DelegatingMethodAccessorImpl.invoke(DelegatingMethodAccessorImpl.java:43)
	at java.lang.reflect.Method.invoke(Method.java:483)
	at org.apache.catalina.startup.Bootstrap.start(Bootstrap.java:351)
	at org.apache.catalina.startup.Bootstrap.main(Bootstrap.java:485)

22-Mar-2017 17:37:09.528 INFO [main] org.apache.coyote.AbstractProtocol.pause Pausing ProtocolHandler ["http-apr-8080"]
22-Mar-2017 17:37:09.529 INFO [main] org.apache.coyote.AbstractProtocol.pause Pausing ProtocolHandler ["ajp-apr-8009"]
22-Mar-2017 17:37:09.533 INFO [main] org.apache.catalina.core.StandardService.stopInternal Stopping service Catalina
22-Mar-2017 17:37:09.555 INFO [main] org.apache.coyote.AbstractProtocol.stop Stopping ProtocolHandler ["http-apr-8080"]
22-Mar-2017 17:37:09.556 INFO [main] org.apache.coyote.AbstractProtocol.destroy Destroying ProtocolHandler ["http-apr-8080"]
22-Mar-2017 17:37:09.557 INFO [main] org.apache.coyote.AbstractProtocol.stop Stopping ProtocolHandler ["ajp-apr-8009"]
22-Mar-2017 17:37:09.559 INFO [main] org.apache.coyote.AbstractProtocol.destroy Destroying ProtocolHandler ["ajp-apr-8009"]
22-Mar-2017 17:37:28.283 INFO [main] org.apache.catalina.startup.VersionLoggerListener.log Server version:        Apache Tomcat/8.0.36
22-Mar-2017 17:37:28.285 INFO [main] org.apache.catalina.startup.VersionLoggerListener.log Server built:          Jun 9 2016 13:55:50 UTC
22-Mar-2017 17:37:28.285 INFO [main] org.apache.catalina.startup.VersionLoggerListener.log Server number:         8.0.36.0
22-Mar-2017 17:37:28.286 INFO [main] org.apache.catalina.startup.VersionLoggerListener.log OS Name:               Windows 8.1
22-Mar-2017 17:37:28.286 INFO [main] org.apache.catalina.startup.VersionLoggerListener.log OS Version:            6.3
22-Mar-2017 17:37:28.286 INFO [main] org.apache.catalina.startup.VersionLoggerListener.log Architecture:          amd64
22-Mar-2017 17:37:28.286 INFO [main] org.apache.catalina.startup.VersionLoggerListener.log Java Home:             C:\Program Files\Java\jdk1.8.0_05\jre
22-Mar-2017 17:37:28.286 INFO [main] org.apache.catalina.startup.VersionLoggerListener.log JVM Version:           1.8.0_05-b13
22-Mar-2017 17:37:28.287 INFO [main] org.apache.catalina.startup.VersionLoggerListener.log JVM Vendor:            Oracle Corporation
22-Mar-2017 17:37:28.287 INFO [main] org.apache.catalina.startup.VersionLoggerListener.log CATALINA_BASE:         C:\apache-tomcat-8.0.36
22-Mar-2017 17:37:28.287 INFO [main] org.apache.catalina.startup.VersionLoggerListener.log CATALINA_HOME:         C:\apache-tomcat-8.0.36
22-Mar-2017 17:37:28.287 INFO [main] org.apache.catalina.startup.VersionLoggerListener.log Command line argument: -Djdk.tls.ephemeralDHKeySize=2048
22-Mar-2017 17:37:28.288 INFO [main] org.apache.catalina.startup.VersionLoggerListener.log Command line argument: -XX:+UnlockCommercialFeatures
22-Mar-2017 17:37:28.288 INFO [main] org.apache.catalina.startup.VersionLoggerListener.log Command line argument: -XX:+FlightRecorder
22-Mar-2017 17:37:28.288 INFO [main] org.apache.catalina.startup.VersionLoggerListener.log Command line argument: -XX:StartFlightRecording=duration=120s,filename=myrecording.jfr
22-Mar-2017 17:37:28.289 INFO [main] org.apache.catalina.startup.VersionLoggerListener.log Command line argument: -Djava.util.logging.config.file=C:\apache-tomcat-8.0.36\conf\logging.properties
22-Mar-2017 17:37:28.289 INFO [main] org.apache.catalina.startup.VersionLoggerListener.log Command line argument: -Djava.util.logging.manager=org.apache.juli.ClassLoaderLogManager
22-Mar-2017 17:37:28.289 INFO [main] org.apache.catalina.startup.VersionLoggerListener.log Command line argument: -Djava.endorsed.dirs=C:\apache-tomcat-8.0.36\endorsed
22-Mar-2017 17:37:28.289 INFO [main] org.apache.catalina.startup.VersionLoggerListener.log Command line argument: -Dcatalina.base=C:\apache-tomcat-8.0.36
22-Mar-2017 17:37:28.289 INFO [main] org.apache.catalina.startup.VersionLoggerListener.log Command line argument: -Dcatalina.home=C:\apache-tomcat-8.0.36
22-Mar-2017 17:37:28.290 INFO [main] org.apache.catalina.startup.VersionLoggerListener.log Command line argument: -Djava.io.tmpdir=C:\apache-tomcat-8.0.36\temp
22-Mar-2017 17:37:28.290 INFO [main] org.apache.catalina.core.AprLifecycleListener.lifecycleEvent Loaded APR based Apache Tomcat Native library 1.2.7 using APR version 1.5.2.
22-Mar-2017 17:37:28.290 INFO [main] org.apache.catalina.core.AprLifecycleListener.lifecycleEvent APR capabilities: IPv6 [true], sendfile [true], accept filters [false], random [true].
22-Mar-2017 17:37:29.035 INFO [main] org.apache.catalina.core.AprLifecycleListener.initializeSSL OpenSSL successfully initialized (OpenSSL 1.0.2h  3 May 2016)
22-Mar-2017 17:37:29.156 INFO [main] org.apache.coyote.AbstractProtocol.init Initializing ProtocolHandler ["http-apr-8080"]
22-Mar-2017 17:37:29.166 SEVERE [main] org.apache.coyote.AbstractProtocol.init Failed to initialize end point associated with ProtocolHandler ["http-apr-8080"]
 java.lang.Exception: Socket bind failed: [730013] An attempt was made to access a socket in a way forbidden by its access permissions.  
	at org.apache.tomcat.util.net.AprEndpoint.bind(AprEndpoint.java:471)
	at org.apache.tomcat.util.net.AbstractEndpoint.init(AbstractEndpoint.java:748)
	at org.apache.coyote.AbstractProtocol.init(AbstractProtocol.java:459)
	at org.apache.catalina.connector.Connector.initInternal(Connector.java:960)
	at org.apache.catalina.util.LifecycleBase.init(LifecycleBase.java:102)
	at org.apache.catalina.core.StandardService.initInternal(StandardService.java:568)
	at org.apache.catalina.util.LifecycleBase.init(LifecycleBase.java:102)
	at org.apache.catalina.core.StandardServer.initInternal(StandardServer.java:869)
	at org.apache.catalina.util.LifecycleBase.init(LifecycleBase.java:102)
	at org.apache.catalina.startup.Catalina.load(Catalina.java:580)
	at org.apache.catalina.startup.Catalina.load(Catalina.java:603)
	at sun.reflect.NativeMethodAccessorImpl.invoke0(Native Method)
	at sun.reflect.NativeMethodAccessorImpl.invoke(NativeMethodAccessorImpl.java:62)
	at sun.reflect.DelegatingMethodAccessorImpl.invoke(DelegatingMethodAccessorImpl.java:43)
	at java.lang.reflect.Method.invoke(Method.java:483)
	at org.apache.catalina.startup.Bootstrap.load(Bootstrap.java:310)
	at org.apache.catalina.startup.Bootstrap.main(Bootstrap.java:484)

22-Mar-2017 17:37:29.169 SEVERE [main] org.apache.catalina.core.StandardService.initInternal Failed to initialize connector [Connector[HTTP/1.1-8080]]
 org.apache.catalina.LifecycleException: Failed to initialize component [Connector[HTTP/1.1-8080]]
	at org.apache.catalina.util.LifecycleBase.init(LifecycleBase.java:106)
	at org.apache.catalina.core.StandardService.initInternal(StandardService.java:568)
	at org.apache.catalina.util.LifecycleBase.init(LifecycleBase.java:102)
	at org.apache.catalina.core.StandardServer.initInternal(StandardServer.java:869)
	at org.apache.catalina.util.LifecycleBase.init(LifecycleBase.java:102)
	at org.apache.catalina.startup.Catalina.load(Catalina.java:580)
	at org.apache.catalina.startup.Catalina.load(Catalina.java:603)
	at sun.reflect.NativeMethodAccessorImpl.invoke0(Native Method)
	at sun.reflect.NativeMethodAccessorImpl.invoke(NativeMethodAccessorImpl.java:62)
	at sun.reflect.DelegatingMethodAccessorImpl.invoke(DelegatingMethodAccessorImpl.java:43)
	at java.lang.reflect.Method.invoke(Method.java:483)
	at org.apache.catalina.startup.Bootstrap.load(Bootstrap.java:310)
	at org.apache.catalina.startup.Bootstrap.main(Bootstrap.java:484)
Caused by: org.apache.catalina.LifecycleException: Protocol handler initialization failed
	at org.apache.catalina.connector.Connector.initInternal(Connector.java:962)
	at org.apache.catalina.util.LifecycleBase.init(LifecycleBase.java:102)
	... 12 more
Caused by: java.lang.Exception: Socket bind failed: [730013] An attempt was made to access a socket in a way forbidden by its access permissions.  
	at org.apache.tomcat.util.net.AprEndpoint.bind(AprEndpoint.java:471)
	at org.apache.tomcat.util.net.AbstractEndpoint.init(AbstractEndpoint.java:748)
	at org.apache.coyote.AbstractProtocol.init(AbstractProtocol.java:459)
	at org.apache.catalina.connector.Connector.initInternal(Connector.java:960)
	... 13 more

22-Mar-2017 17:37:29.171 INFO [main] org.apache.coyote.AbstractProtocol.init Initializing ProtocolHandler ["ajp-apr-8009"]
22-Mar-2017 17:37:29.173 SEVERE [main] org.apache.coyote.AbstractProtocol.init Failed to initialize end point associated with ProtocolHandler ["ajp-apr-8009"]
 java.lang.Exception: Socket bind failed: [730013] An attempt was made to access a socket in a way forbidden by its access permissions.  
	at org.apache.tomcat.util.net.AprEndpoint.bind(AprEndpoint.java:471)
	at org.apache.tomcat.util.net.AbstractEndpoint.init(AbstractEndpoint.java:748)
	at org.apache.coyote.AbstractProtocol.init(AbstractProtocol.java:459)
	at org.apache.catalina.connector.Connector.initInternal(Connector.java:960)
	at org.apache.catalina.util.LifecycleBase.init(LifecycleBase.java:102)
	at org.apache.catalina.core.StandardService.initInternal(StandardService.java:568)
	at org.apache.catalina.util.LifecycleBase.init(LifecycleBase.java:102)
	at org.apache.catalina.core.StandardServer.initInternal(StandardServer.java:869)
	at org.apache.catalina.util.LifecycleBase.init(LifecycleBase.java:102)
	at org.apache.catalina.startup.Catalina.load(Catalina.java:580)
	at org.apache.catalina.startup.Catalina.load(Catalina.java:603)
	at sun.reflect.NativeMethodAccessorImpl.invoke0(Native Method)
	at sun.reflect.NativeMethodAccessorImpl.invoke(NativeMethodAccessorImpl.java:62)
	at sun.reflect.DelegatingMethodAccessorImpl.invoke(DelegatingMethodAccessorImpl.java:43)
	at java.lang.reflect.Method.invoke(Method.java:483)
	at org.apache.catalina.startup.Bootstrap.load(Bootstrap.java:310)
	at org.apache.catalina.startup.Bootstrap.main(Bootstrap.java:484)

22-Mar-2017 17:37:29.177 SEVERE [main] org.apache.catalina.core.StandardService.initInternal Failed to initialize connector [Connector[AJP/1.3-8009]]
 org.apache.catalina.LifecycleException: Failed to initialize component [Connector[AJP/1.3-8009]]
	at org.apache.catalina.util.LifecycleBase.init(LifecycleBase.java:106)
	at org.apache.catalina.core.StandardService.initInternal(StandardService.java:568)
	at org.apache.catalina.util.LifecycleBase.init(LifecycleBase.java:102)
	at org.apache.catalina.core.StandardServer.initInternal(StandardServer.java:869)
	at org.apache.catalina.util.LifecycleBase.init(LifecycleBase.java:102)
	at org.apache.catalina.startup.Catalina.load(Catalina.java:580)
	at org.apache.catalina.startup.Catalina.load(Catalina.java:603)
	at sun.reflect.NativeMethodAccessorImpl.invoke0(Native Method)
	at sun.reflect.NativeMethodAccessorImpl.invoke(NativeMethodAccessorImpl.java:62)
	at sun.reflect.DelegatingMethodAccessorImpl.invoke(DelegatingMethodAccessorImpl.java:43)
	at java.lang.reflect.Method.invoke(Method.java:483)
	at org.apache.catalina.startup.Bootstrap.load(Bootstrap.java:310)
	at org.apache.catalina.startup.Bootstrap.main(Bootstrap.java:484)
Caused by: org.apache.catalina.LifecycleException: Protocol handler initialization failed
	at org.apache.catalina.connector.Connector.initInternal(Connector.java:962)
	at org.apache.catalina.util.LifecycleBase.init(LifecycleBase.java:102)
	... 12 more
Caused by: java.lang.Exception: Socket bind failed: [730013] An attempt was made to access a socket in a way forbidden by its access permissions.  
	at org.apache.tomcat.util.net.AprEndpoint.bind(AprEndpoint.java:471)
	at org.apache.tomcat.util.net.AbstractEndpoint.init(AbstractEndpoint.java:748)
	at org.apache.coyote.AbstractProtocol.init(AbstractProtocol.java:459)
	at org.apache.catalina.connector.Connector.initInternal(Connector.java:960)
	... 13 more

22-Mar-2017 17:37:29.179 INFO [main] org.apache.catalina.startup.Catalina.load Initialization processed in 1233 ms
22-Mar-2017 17:37:29.211 INFO [main] org.apache.catalina.core.StandardService.startInternal Starting service Catalina
22-Mar-2017 17:37:29.212 INFO [main] org.apache.catalina.core.StandardEngine.startInternal Starting Servlet Engine: Apache Tomcat/8.0.36
22-Mar-2017 17:37:29.237 INFO [localhost-startStop-1] org.apache.catalina.startup.HostConfig.deployWAR Deploying web application archive C:\apache-tomcat-8.0.36\webapps\web2.war
22-Mar-2017 17:37:29.622 INFO [localhost-startStop-1] org.apache.catalina.startup.HostConfig.deployWAR Deployment of web application archive C:\apache-tomcat-8.0.36\webapps\web2.war has finished in 384 ms
22-Mar-2017 17:37:29.623 INFO [localhost-startStop-1] org.apache.catalina.startup.HostConfig.deployDirectory Deploying web application directory C:\apache-tomcat-8.0.36\webapps\docs
22-Mar-2017 17:37:29.651 INFO [localhost-startStop-1] org.apache.catalina.startup.HostConfig.deployDirectory Deployment of web application directory C:\apache-tomcat-8.0.36\webapps\docs has finished in 27 ms
22-Mar-2017 17:37:29.651 INFO [localhost-startStop-1] org.apache.catalina.startup.HostConfig.deployDirectory Deploying web application directory C:\apache-tomcat-8.0.36\webapps\examples
22-Mar-2017 17:37:29.963 INFO [localhost-startStop-1] org.apache.catalina.startup.HostConfig.deployDirectory Deployment of web application directory C:\apache-tomcat-8.0.36\webapps\examples has finished in 312 ms
22-Mar-2017 17:37:29.964 INFO [localhost-startStop-1] org.apache.catalina.startup.HostConfig.deployDirectory Deploying web application directory C:\apache-tomcat-8.0.36\webapps\host-manager
22-Mar-2017 17:37:29.997 INFO [localhost-startStop-1] org.apache.catalina.startup.HostConfig.deployDirectory Deployment of web application directory C:\apache-tomcat-8.0.36\webapps\host-manager has finished in 34 ms
22-Mar-2017 17:37:29.998 INFO [localhost-startStop-1] org.apache.catalina.startup.HostConfig.deployDirectory Deploying web application directory C:\apache-tomcat-8.0.36\webapps\manager
22-Mar-2017 17:37:30.030 INFO [localhost-startStop-1] org.apache.catalina.startup.HostConfig.deployDirectory Deployment of web application directory C:\apache-tomcat-8.0.36\webapps\manager has finished in 31 ms
22-Mar-2017 17:37:30.030 INFO [localhost-startStop-1] org.apache.catalina.startup.HostConfig.deployDirectory Deploying web application directory C:\apache-tomcat-8.0.36\webapps\ROOT
22-Mar-2017 17:37:30.054 INFO [localhost-startStop-1] org.apache.catalina.startup.HostConfig.deployDirectory Deployment of web application directory C:\apache-tomcat-8.0.36\webapps\ROOT has finished in 24 ms
22-Mar-2017 17:37:30.059 INFO [main] org.apache.catalina.startup.Catalina.start Server startup in 877 ms
22-Mar-2017 17:37:30.068 SEVERE [main] org.apache.catalina.core.StandardServer.await StandardServer.await: create[localhost:8005]: 
 java.net.BindException: Address already in use: JVM_Bind
	at java.net.DualStackPlainSocketImpl.bind0(Native Method)
	at java.net.DualStackPlainSocketImpl.socketBind(DualStackPlainSocketImpl.java:106)
	at java.net.AbstractPlainSocketImpl.bind(AbstractPlainSocketImpl.java:382)
	at java.net.PlainSocketImpl.bind(PlainSocketImpl.java:190)
	at java.net.ServerSocket.bind(ServerSocket.java:375)
	at java.net.ServerSocket.<init>(ServerSocket.java:237)
	at org.apache.catalina.core.StandardServer.await(StandardServer.java:438)
	at org.apache.catalina.startup.Catalina.await(Catalina.java:717)
	at org.apache.catalina.startup.Catalina.start(Catalina.java:663)
	at sun.reflect.NativeMethodAccessorImpl.invoke0(Native Method)
	at sun.reflect.NativeMethodAccessorImpl.invoke(NativeMethodAccessorImpl.java:62)
	at sun.reflect.DelegatingMethodAccessorImpl.invoke(DelegatingMethodAccessorImpl.java:43)
	at java.lang.reflect.Method.invoke(Method.java:483)
	at org.apache.catalina.startup.Bootstrap.start(Bootstrap.java:351)
	at org.apache.catalina.startup.Bootstrap.main(Bootstrap.java:485)

22-Mar-2017 17:37:30.069 INFO [main] org.apache.coyote.AbstractProtocol.pause Pausing ProtocolHandler ["http-apr-8080"]
22-Mar-2017 17:37:30.070 INFO [main] org.apache.coyote.AbstractProtocol.pause Pausing ProtocolHandler ["ajp-apr-8009"]
22-Mar-2017 17:37:30.073 INFO [main] org.apache.catalina.core.StandardService.stopInternal Stopping service Catalina
22-Mar-2017 17:37:30.101 INFO [main] org.apache.coyote.AbstractProtocol.stop Stopping ProtocolHandler ["http-apr-8080"]
22-Mar-2017 17:37:30.102 INFO [main] org.apache.coyote.AbstractProtocol.destroy Destroying ProtocolHandler ["http-apr-8080"]
22-Mar-2017 17:37:30.102 INFO [main] org.apache.coyote.AbstractProtocol.stop Stopping ProtocolHandler ["ajp-apr-8009"]
22-Mar-2017 17:37:30.104 INFO [main] org.apache.coyote.AbstractProtocol.destroy Destroying ProtocolHandler ["ajp-apr-8009"]
22-Mar-2017 17:37:42.882 INFO [main] org.apache.catalina.startup.VersionLoggerListener.log Server version:        Apache Tomcat/8.0.36
22-Mar-2017 17:37:42.883 INFO [main] org.apache.catalina.startup.VersionLoggerListener.log Server built:          Jun 9 2016 13:55:50 UTC
22-Mar-2017 17:37:42.884 INFO [main] org.apache.catalina.startup.VersionLoggerListener.log Server number:         8.0.36.0
22-Mar-2017 17:37:42.884 INFO [main] org.apache.catalina.startup.VersionLoggerListener.log OS Name:               Windows 8.1
22-Mar-2017 17:37:42.884 INFO [main] org.apache.catalina.startup.VersionLoggerListener.log OS Version:            6.3
22-Mar-2017 17:37:42.884 INFO [main] org.apache.catalina.startup.VersionLoggerListener.log Architecture:          amd64
22-Mar-2017 17:37:42.885 INFO [main] org.apache.catalina.startup.VersionLoggerListener.log Java Home:             C:\Program Files\Java\jdk1.8.0_05\jre
22-Mar-2017 17:37:42.885 INFO [main] org.apache.catalina.startup.VersionLoggerListener.log JVM Version:           1.8.0_05-b13
22-Mar-2017 17:37:42.885 INFO [main] org.apache.catalina.startup.VersionLoggerListener.log JVM Vendor:            Oracle Corporation
22-Mar-2017 17:37:42.885 INFO [main] org.apache.catalina.startup.VersionLoggerListener.log CATALINA_BASE:         C:\apache-tomcat-8.0.36
22-Mar-2017 17:37:42.888 INFO [main] org.apache.catalina.startup.VersionLoggerListener.log CATALINA_HOME:         C:\apache-tomcat-8.0.36
22-Mar-2017 17:37:42.889 INFO [main] org.apache.catalina.startup.VersionLoggerListener.log Command line argument: -Djdk.tls.ephemeralDHKeySize=2048
22-Mar-2017 17:37:42.890 INFO [main] org.apache.catalina.startup.VersionLoggerListener.log Command line argument: -XX:+UnlockCommercialFeatures
22-Mar-2017 17:37:42.890 INFO [main] org.apache.catalina.startup.VersionLoggerListener.log Command line argument: -XX:+FlightRecorder
22-Mar-2017 17:37:42.890 INFO [main] org.apache.catalina.startup.VersionLoggerListener.log Command line argument: -XX:StartFlightRecording=duration=120s,filename=myrecording.jfr
22-Mar-2017 17:37:42.892 INFO [main] org.apache.catalina.startup.VersionLoggerListener.log Command line argument: -Djava.util.logging.config.file=C:\apache-tomcat-8.0.36\conf\logging.properties
22-Mar-2017 17:37:42.892 INFO [main] org.apache.catalina.startup.VersionLoggerListener.log Command line argument: -Djava.util.logging.manager=org.apache.juli.ClassLoaderLogManager
22-Mar-2017 17:37:42.892 INFO [main] org.apache.catalina.startup.VersionLoggerListener.log Command line argument: -Djava.endorsed.dirs=C:\apache-tomcat-8.0.36\endorsed
22-Mar-2017 17:37:42.892 INFO [main] org.apache.catalina.startup.VersionLoggerListener.log Command line argument: -Dcatalina.base=C:\apache-tomcat-8.0.36
22-Mar-2017 17:37:42.893 INFO [main] org.apache.catalina.startup.VersionLoggerListener.log Command line argument: -Dcatalina.home=C:\apache-tomcat-8.0.36
22-Mar-2017 17:37:42.893 INFO [main] org.apache.catalina.startup.VersionLoggerListener.log Command line argument: -Djava.io.tmpdir=C:\apache-tomcat-8.0.36\temp
22-Mar-2017 17:37:42.893 INFO [main] org.apache.catalina.core.AprLifecycleListener.lifecycleEvent Loaded APR based Apache Tomcat Native library 1.2.7 using APR version 1.5.2.
22-Mar-2017 17:37:42.893 INFO [main] org.apache.catalina.core.AprLifecycleListener.lifecycleEvent APR capabilities: IPv6 [true], sendfile [true], accept filters [false], random [true].
22-Mar-2017 17:37:43.927 INFO [main] org.apache.catalina.core.AprLifecycleListener.initializeSSL OpenSSL successfully initialized (OpenSSL 1.0.2h  3 May 2016)
22-Mar-2017 17:37:44.101 INFO [main] org.apache.coyote.AbstractProtocol.init Initializing ProtocolHandler ["http-apr-8080"]
22-Mar-2017 17:37:44.113 INFO [main] org.apache.coyote.AbstractProtocol.init Initializing ProtocolHandler ["ajp-apr-8009"]
22-Mar-2017 17:37:44.115 INFO [main] org.apache.catalina.startup.Catalina.load Initialization processed in 1640 ms
22-Mar-2017 17:37:44.146 INFO [main] org.apache.catalina.core.StandardService.startInternal Starting service Catalina
22-Mar-2017 17:37:44.146 INFO [main] org.apache.catalina.core.StandardEngine.startInternal Starting Servlet Engine: Apache Tomcat/8.0.36
22-Mar-2017 17:37:44.175 INFO [localhost-startStop-1] org.apache.catalina.startup.HostConfig.deployWAR Deploying web application archive C:\apache-tomcat-8.0.36\webapps\web2.war
22-Mar-2017 17:37:44.654 INFO [localhost-startStop-1] org.apache.catalina.startup.HostConfig.deployWAR Deployment of web application archive C:\apache-tomcat-8.0.36\webapps\web2.war has finished in 478 ms
22-Mar-2017 17:37:44.655 INFO [localhost-startStop-1] org.apache.catalina.startup.HostConfig.deployDirectory Deploying web application directory C:\apache-tomcat-8.0.36\webapps\docs
22-Mar-2017 17:37:44.683 INFO [localhost-startStop-1] org.apache.catalina.startup.HostConfig.deployDirectory Deployment of web application directory C:\apache-tomcat-8.0.36\webapps\docs has finished in 28 ms
22-Mar-2017 17:37:44.683 INFO [localhost-startStop-1] org.apache.catalina.startup.HostConfig.deployDirectory Deploying web application directory C:\apache-tomcat-8.0.36\webapps\examples
22-Mar-2017 17:37:45.055 INFO [localhost-startStop-1] org.apache.catalina.startup.HostConfig.deployDirectory Deployment of web application directory C:\apache-tomcat-8.0.36\webapps\examples has finished in 372 ms
22-Mar-2017 17:37:45.056 INFO [localhost-startStop-1] org.apache.catalina.startup.HostConfig.deployDirectory Deploying web application directory C:\apache-tomcat-8.0.36\webapps\host-manager
22-Mar-2017 17:37:45.091 INFO [localhost-startStop-1] org.apache.catalina.startup.HostConfig.deployDirectory Deployment of web application directory C:\apache-tomcat-8.0.36\webapps\host-manager has finished in 35 ms
22-Mar-2017 17:37:45.092 INFO [localhost-startStop-1] org.apache.catalina.startup.HostConfig.deployDirectory Deploying web application directory C:\apache-tomcat-8.0.36\webapps\manager
22-Mar-2017 17:37:45.120 INFO [localhost-startStop-1] org.apache.catalina.startup.HostConfig.deployDirectory Deployment of web application directory C:\apache-tomcat-8.0.36\webapps\manager has finished in 28 ms
22-Mar-2017 17:37:45.120 INFO [localhost-startStop-1] org.apache.catalina.startup.HostConfig.deployDirectory Deploying web application directory C:\apache-tomcat-8.0.36\webapps\ROOT
22-Mar-2017 17:37:45.143 INFO [localhost-startStop-1] org.apache.catalina.startup.HostConfig.deployDirectory Deployment of web application directory C:\apache-tomcat-8.0.36\webapps\ROOT has finished in 23 ms
22-Mar-2017 17:37:45.147 INFO [main] org.apache.coyote.AbstractProtocol.start Starting ProtocolHandler ["http-apr-8080"]
22-Mar-2017 17:37:45.161 INFO [main] org.apache.coyote.AbstractProtocol.start Starting ProtocolHandler ["ajp-apr-8009"]
22-Mar-2017 17:37:45.179 INFO [main] org.apache.catalina.startup.Catalina.start Server startup in 1063 ms
22-Mar-2017 17:37:50.523 INFO [Thread-5] org.apache.coyote.AbstractProtocol.pause Pausing ProtocolHandler ["http-apr-8080"]
22-Mar-2017 17:37:50.582 INFO [Thread-5] org.apache.coyote.AbstractProtocol.pause Pausing ProtocolHandler ["ajp-apr-8009"]
22-Mar-2017 17:37:50.633 INFO [Thread-5] org.apache.catalina.core.StandardService.stopInternal Stopping service Catalina
22-Mar-2017 17:37:50.691 INFO [Thread-5] org.apache.coyote.AbstractProtocol.stop Stopping ProtocolHandler ["http-apr-8080"]
22-Mar-2017 17:37:50.742 INFO [Thread-5] org.apache.coyote.AbstractProtocol.stop Stopping ProtocolHandler ["ajp-apr-8009"]
22-Mar-2017 17:37:50.795 INFO [Thread-5] org.apache.coyote.AbstractProtocol.destroy Destroying ProtocolHandler ["http-apr-8080"]
22-Mar-2017 17:37:50.796 INFO [Thread-5] org.apache.coyote.AbstractProtocol.destroy Destroying ProtocolHandler ["ajp-apr-8009"]
22-Mar-2017 17:41:36.103 INFO [main] org.apache.catalina.startup.VersionLoggerListener.log Server version:        Apache Tomcat/8.0.36
22-Mar-2017 17:41:36.104 INFO [main] org.apache.catalina.startup.VersionLoggerListener.log Server built:          Jun 9 2016 13:55:50 UTC
22-Mar-2017 17:41:36.105 INFO [main] org.apache.catalina.startup.VersionLoggerListener.log Server number:         8.0.36.0
22-Mar-2017 17:41:36.105 INFO [main] org.apache.catalina.startup.VersionLoggerListener.log OS Name:               Windows 8.1
22-Mar-2017 17:41:36.105 INFO [main] org.apache.catalina.startup.VersionLoggerListener.log OS Version:            6.3
22-Mar-2017 17:41:36.105 INFO [main] org.apache.catalina.startup.VersionLoggerListener.log Architecture:          amd64
22-Mar-2017 17:41:36.105 INFO [main] org.apache.catalina.startup.VersionLoggerListener.log Java Home:             C:\Program Files\Java\jdk1.8.0_05\jre
22-Mar-2017 17:41:36.106 INFO [main] org.apache.catalina.startup.VersionLoggerListener.log JVM Version:           1.8.0_05-b13
22-Mar-2017 17:41:36.106 INFO [main] org.apache.catalina.startup.VersionLoggerListener.log JVM Vendor:            Oracle Corporation
22-Mar-2017 17:41:36.106 INFO [main] org.apache.catalina.startup.VersionLoggerListener.log CATALINA_BASE:         C:\apache-tomcat-8.0.36
22-Mar-2017 17:41:36.106 INFO [main] org.apache.catalina.startup.VersionLoggerListener.log CATALINA_HOME:         C:\apache-tomcat-8.0.36
22-Mar-2017 17:41:36.107 INFO [main] org.apache.catalina.startup.VersionLoggerListener.log Command line argument: -Djdk.tls.ephemeralDHKeySize=2048
22-Mar-2017 17:41:36.107 INFO [main] org.apache.catalina.startup.VersionLoggerListener.log Command line argument: -XX:+UnlockCommercialFeatures
22-Mar-2017 17:41:36.107 INFO [main] org.apache.catalina.startup.VersionLoggerListener.log Command line argument: -XX:+FlightRecorder
22-Mar-2017 17:41:36.108 INFO [main] org.apache.catalina.startup.VersionLoggerListener.log Command line argument: -XX:StartFlightRecording=duration=120s,filename=myrecording.jfr
22-Mar-2017 17:41:36.109 INFO [main] org.apache.catalina.startup.VersionLoggerListener.log Command line argument: -Djava.util.logging.config.file=C:\apache-tomcat-8.0.36\conf\logging.properties
22-Mar-2017 17:41:36.109 INFO [main] org.apache.catalina.startup.VersionLoggerListener.log Command line argument: -Djava.util.logging.manager=org.apache.juli.ClassLoaderLogManager
22-Mar-2017 17:41:36.109 INFO [main] org.apache.catalina.startup.VersionLoggerListener.log Command line argument: -Djava.endorsed.dirs=C:\apache-tomcat-8.0.36\endorsed
22-Mar-2017 17:41:36.110 INFO [main] org.apache.catalina.startup.VersionLoggerListener.log Command line argument: -Dcatalina.base=C:\apache-tomcat-8.0.36
22-Mar-2017 17:41:36.110 INFO [main] org.apache.catalina.startup.VersionLoggerListener.log Command line argument: -Dcatalina.home=C:\apache-tomcat-8.0.36
22-Mar-2017 17:41:36.110 INFO [main] org.apache.catalina.startup.VersionLoggerListener.log Command line argument: -Djava.io.tmpdir=C:\apache-tomcat-8.0.36\temp
22-Mar-2017 17:41:36.111 INFO [main] org.apache.catalina.core.AprLifecycleListener.lifecycleEvent Loaded APR based Apache Tomcat Native library 1.2.7 using APR version 1.5.2.
22-Mar-2017 17:41:36.111 INFO [main] org.apache.catalina.core.AprLifecycleListener.lifecycleEvent APR capabilities: IPv6 [true], sendfile [true], accept filters [false], random [true].
22-Mar-2017 17:41:36.875 INFO [main] org.apache.catalina.core.AprLifecycleListener.initializeSSL OpenSSL successfully initialized (OpenSSL 1.0.2h  3 May 2016)
22-Mar-2017 17:41:36.999 INFO [main] org.apache.coyote.AbstractProtocol.init Initializing ProtocolHandler ["http-apr-8080"]
22-Mar-2017 17:41:37.009 INFO [main] org.apache.coyote.AbstractProtocol.init Initializing ProtocolHandler ["ajp-apr-8009"]
22-Mar-2017 17:41:37.011 INFO [main] org.apache.catalina.startup.Catalina.load Initialization processed in 1243 ms
22-Mar-2017 17:41:37.043 INFO [main] org.apache.catalina.core.StandardService.startInternal Starting service Catalina
22-Mar-2017 17:41:37.043 INFO [main] org.apache.catalina.core.StandardEngine.startInternal Starting Servlet Engine: Apache Tomcat/8.0.36
22-Mar-2017 17:41:37.073 INFO [localhost-startStop-1] org.apache.catalina.startup.HostConfig.deployWAR Deploying web application archive C:\apache-tomcat-8.0.36\webapps\web2.war
22-Mar-2017 17:41:37.469 INFO [localhost-startStop-1] org.apache.catalina.startup.HostConfig.deployWAR Deployment of web application archive C:\apache-tomcat-8.0.36\webapps\web2.war has finished in 395 ms
22-Mar-2017 17:41:37.470 INFO [localhost-startStop-1] org.apache.catalina.startup.HostConfig.deployDirectory Deploying web application directory C:\apache-tomcat-8.0.36\webapps\docs
22-Mar-2017 17:41:37.493 INFO [localhost-startStop-1] org.apache.catalina.startup.HostConfig.deployDirectory Deployment of web application directory C:\apache-tomcat-8.0.36\webapps\docs has finished in 23 ms
22-Mar-2017 17:41:37.494 INFO [localhost-startStop-1] org.apache.catalina.startup.HostConfig.deployDirectory Deploying web application directory C:\apache-tomcat-8.0.36\webapps\examples
22-Mar-2017 17:41:37.851 INFO [localhost-startStop-1] org.apache.catalina.startup.HostConfig.deployDirectory Deployment of web application directory C:\apache-tomcat-8.0.36\webapps\examples has finished in 357 ms
22-Mar-2017 17:41:37.852 INFO [localhost-startStop-1] org.apache.catalina.startup.HostConfig.deployDirectory Deploying web application directory C:\apache-tomcat-8.0.36\webapps\host-manager
22-Mar-2017 17:41:37.880 INFO [localhost-startStop-1] org.apache.catalina.startup.HostConfig.deployDirectory Deployment of web application directory C:\apache-tomcat-8.0.36\webapps\host-manager has finished in 29 ms
22-Mar-2017 17:41:37.881 INFO [localhost-startStop-1] org.apache.catalina.startup.HostConfig.deployDirectory Deploying web application directory C:\apache-tomcat-8.0.36\webapps\manager
22-Mar-2017 17:41:37.904 INFO [localhost-startStop-1] org.apache.catalina.startup.HostConfig.deployDirectory Deployment of web application directory C:\apache-tomcat-8.0.36\webapps\manager has finished in 23 ms
22-Mar-2017 17:41:37.905 INFO [localhost-startStop-1] org.apache.catalina.startup.HostConfig.deployDirectory Deploying web application directory C:\apache-tomcat-8.0.36\webapps\ROOT
22-Mar-2017 17:41:37.925 INFO [localhost-startStop-1] org.apache.catalina.startup.HostConfig.deployDirectory Deployment of web application directory C:\apache-tomcat-8.0.36\webapps\ROOT has finished in 20 ms
22-Mar-2017 17:41:37.929 INFO [main] org.apache.coyote.AbstractProtocol.start Starting ProtocolHandler ["http-apr-8080"]
22-Mar-2017 17:41:37.939 INFO [main] org.apache.coyote.AbstractProtocol.start Starting ProtocolHandler ["ajp-apr-8009"]
22-Mar-2017 17:41:37.943 INFO [main] org.apache.catalina.startup.Catalina.start Server startup in 930 ms
22-Mar-2017 17:44:06.866 INFO [Thread-5] org.apache.coyote.AbstractProtocol.pause Pausing ProtocolHandler ["http-apr-8080"]
22-Mar-2017 17:44:06.922 INFO [Thread-5] org.apache.coyote.AbstractProtocol.pause Pausing ProtocolHandler ["ajp-apr-8009"]
22-Mar-2017 17:44:06.923 INFO [Thread-5] org.apache.catalina.core.StandardService.stopInternal Stopping service Catalina
22-Mar-2017 17:44:06.934 WARNING [localhost-startStop-2] org.apache.catalina.loader.WebappClassLoaderBase.clearReferencesThreads The web application [web2] appears to have started a thread named [t1] but has failed to stop it. This is very likely to create a memory leak. Stack trace of thread:
 java.io.PrintStream.println(PrintStream.java:805)
 org.apache.tomcat.util.log.SystemLogHandler.println(SystemLogHandler.java:262)
 web2.Simple.run(Simple.java:10)
22-Mar-2017 17:44:06.935 WARNING [localhost-startStop-2] org.apache.catalina.loader.WebappClassLoaderBase.clearReferencesThreads The web application [web2] appears to have started a thread named [t1] but has failed to stop it. This is very likely to create a memory leak. Stack trace of thread:
 java.io.PrintStream.println(PrintStream.java:805)
 org.apache.tomcat.util.log.SystemLogHandler.println(SystemLogHandler.java:262)
 web2.Simple.run(Simple.java:10)
22-Mar-2017 17:44:06.936 WARNING [localhost-startStop-2] org.apache.catalina.loader.WebappClassLoaderBase.clearReferencesThreads The web application [web2] appears to have started a thread named [t1] but has failed to stop it. This is very likely to create a memory leak. Stack trace of thread:
 java.io.PrintStream.println(PrintStream.java:805)
 org.apache.tomcat.util.log.SystemLogHandler.println(SystemLogHandler.java:262)
 web2.Simple.run(Simple.java:10)
22-Mar-2017 17:44:06.937 WARNING [localhost-startStop-2] org.apache.catalina.loader.WebappClassLoaderBase.clearReferencesThreads The web application [web2] appears to have started a thread named [t1] but has failed to stop it. This is very likely to create a memory leak. Stack trace of thread:
 java.io.PrintStream.println(PrintStream.java:805)
 org.apache.tomcat.util.log.SystemLogHandler.println(SystemLogHandler.java:262)
 web2.Simple.run(Simple.java:10)
22-Mar-2017 17:44:06.938 WARNING [localhost-startStop-2] org.apache.catalina.loader.WebappClassLoaderBase.clearReferencesThreads The web application [web2] appears to have started a thread named [t1] but has failed to stop it. This is very likely to create a memory leak. Stack trace of thread:
 java.io.PrintStream.println(PrintStream.java:805)
 org.apache.tomcat.util.log.SystemLogHandler.println(SystemLogHandler.java:262)
 web2.Simple.run(Simple.java:10)
22-Mar-2017 17:44:06.939 WARNING [localhost-startStop-2] org.apache.catalina.loader.WebappClassLoaderBase.clearReferencesThreads The web application [web2] appears to have started a thread named [t1] but has failed to stop it. This is very likely to create a memory leak. Stack trace of thread:
 java.io.PrintStream.println(PrintStream.java:805)
 org.apache.tomcat.util.log.SystemLogHandler.println(SystemLogHandler.java:262)
 web2.Simple.run(Simple.java:10)
22-Mar-2017 17:44:06.939 WARNING [localhost-startStop-2] org.apache.catalina.loader.WebappClassLoaderBase.clearReferencesThreads The web application [web2] appears to have started a thread named [t1] but has failed to stop it. This is very likely to create a memory leak. Stack trace of thread:
 java.io.PrintStream.println(PrintStream.java:805)
 org.apache.tomcat.util.log.SystemLogHandler.println(SystemLogHandler.java:262)
 web2.Simple.run(Simple.java:10)
22-Mar-2017 17:44:06.942 WARNING [localhost-startStop-2] org.apache.catalina.loader.WebappClassLoaderBase.clearReferencesThreads The web application [web2] appears to have started a thread named [t1] but has failed to stop it. This is very likely to create a memory leak. Stack trace of thread:
 java.io.PrintStream.println(PrintStream.java:805)
 org.apache.tomcat.util.log.SystemLogHandler.println(SystemLogHandler.java:262)
 web2.Simple.run(Simple.java:10)
22-Mar-2017 17:44:06.943 WARNING [localhost-startStop-2] org.apache.catalina.loader.WebappClassLoaderBase.clearReferencesThreads The web application [web2] appears to have started a thread named [t1] but has failed to stop it. This is very likely to create a memory leak. Stack trace of thread:
 java.io.PrintStream.println(PrintStream.java:805)
 org.apache.tomcat.util.log.SystemLogHandler.println(SystemLogHandler.java:262)
 web2.Simple.run(Simple.java:10)
22-Mar-2017 17:44:06.944 WARNING [localhost-startStop-2] org.apache.catalina.loader.WebappClassLoaderBase.clearReferencesThreads The web application [web2] appears to have started a thread named [t1] but has failed to stop it. This is very likely to create a memory leak. Stack trace of thread:
 java.io.PrintStream.println(PrintStream.java:805)
 org.apache.tomcat.util.log.SystemLogHandler.println(SystemLogHandler.java:262)
 web2.Simple.run(Simple.java:10)
22-Mar-2017 17:44:06.946 WARNING [localhost-startStop-2] org.apache.catalina.loader.WebappClassLoaderBase.clearReferencesThreads The web application [web2] appears to have started a thread named [t1] but has failed to stop it. This is very likely to create a memory leak. Stack trace of thread:
 java.io.PrintStream.println(PrintStream.java:805)
 org.apache.tomcat.util.log.SystemLogHandler.println(SystemLogHandler.java:262)
 web2.Simple.run(Simple.java:10)
22-Mar-2017 17:44:06.948 WARNING [localhost-startStop-2] org.apache.catalina.loader.WebappClassLoaderBase.clearReferencesThreads The web application [web2] appears to have started a thread named [t1] but has failed to stop it. This is very likely to create a memory leak. Stack trace of thread:
 java.io.PrintStream.println(PrintStream.java:805)
 org.apache.tomcat.util.log.SystemLogHandler.println(SystemLogHandler.java:262)
 web2.Simple.run(Simple.java:10)
22-Mar-2017 17:44:06.949 WARNING [localhost-startStop-2] org.apache.catalina.loader.WebappClassLoaderBase.clearReferencesThreads The web application [web2] appears to have started a thread named [t1] but has failed to stop it. This is very likely to create a memory leak. Stack trace of thread:
 java.io.PrintStream.println(PrintStream.java:805)
 org.apache.tomcat.util.log.SystemLogHandler.println(SystemLogHandler.java:262)
 web2.Simple.run(Simple.java:10)
22-Mar-2017 17:44:06.951 WARNING [localhost-startStop-2] org.apache.catalina.loader.WebappClassLoaderBase.clearReferencesThreads The web application [web2] appears to have started a thread named [t1] but has failed to stop it. This is very likely to create a memory leak. Stack trace of thread:
 java.io.PrintStream.println(PrintStream.java:805)
 org.apache.tomcat.util.log.SystemLogHandler.println(SystemLogHandler.java:262)
 web2.Simple.run(Simple.java:10)
22-Mar-2017 17:44:06.953 WARNING [localhost-startStop-2] org.apache.catalina.loader.WebappClassLoaderBase.clearReferencesThreads The web application [web2] appears to have started a thread named [t1] but has failed to stop it. This is very likely to create a memory leak. Stack trace of thread:
 java.io.PrintStream.println(PrintStream.java:805)
 org.apache.tomcat.util.log.SystemLogHandler.println(SystemLogHandler.java:262)
 web2.Simple.run(Simple.java:10)
22-Mar-2017 17:44:06.954 WARNING [localhost-startStop-2] org.apache.catalina.loader.WebappClassLoaderBase.clearReferencesThreads The web application [web2] appears to have started a thread named [t1] but has failed to stop it. This is very likely to create a memory leak. Stack trace of thread:
 java.io.PrintStream.println(PrintStream.java:805)
 org.apache.tomcat.util.log.SystemLogHandler.println(SystemLogHandler.java:262)
 web2.Simple.run(Simple.java:10)
22-Mar-2017 17:44:06.956 WARNING [localhost-startStop-2] org.apache.catalina.loader.WebappClassLoaderBase.clearReferencesThreads The web application [web2] appears to have started a thread named [t1] but has failed to stop it. This is very likely to create a memory leak. Stack trace of thread:
 java.io.FileOutputStream.writeBytes(Native Method)
 java.io.FileOutputStream.write(FileOutputStream.java:307)
 java.io.BufferedOutputStream.flushBuffer(BufferedOutputStream.java:82)
 java.io.BufferedOutputStream.flush(BufferedOutputStream.java:140)
 java.io.PrintStream.write(PrintStream.java:482)
 sun.nio.cs.StreamEncoder.writeBytes(StreamEncoder.java:221)
 sun.nio.cs.StreamEncoder.implFlushBuffer(StreamEncoder.java:291)
 sun.nio.cs.StreamEncoder.flushBuffer(StreamEncoder.java:104)
 java.io.OutputStreamWriter.flushBuffer(OutputStreamWriter.java:185)
 java.io.PrintStream.newLine(PrintStream.java:546)
 java.io.PrintStream.println(PrintStream.java:807)
 org.apache.tomcat.util.log.SystemLogHandler.println(SystemLogHandler.java:262)
 web2.Simple.run(Simple.java:10)
22-Mar-2017 17:44:06.960 WARNING [localhost-startStop-2] org.apache.catalina.loader.WebappClassLoaderBase.clearReferencesThreads The web application [web2] appears to have started a thread named [t1] but has failed to stop it. This is very likely to create a memory leak. Stack trace of thread:
 java.io.PrintStream.println(PrintStream.java:805)
 org.apache.tomcat.util.log.SystemLogHandler.println(SystemLogHandler.java:262)
 web2.Simple.run(Simple.java:10)
22-Mar-2017 17:44:06.962 WARNING [localhost-startStop-2] org.apache.catalina.loader.WebappClassLoaderBase.clearReferencesThreads The web application [web2] appears to have started a thread named [t1] but has failed to stop it. This is very likely to create a memory leak. Stack trace of thread:
 java.io.PrintStream.println(PrintStream.java:805)
 org.apache.tomcat.util.log.SystemLogHandler.println(SystemLogHandler.java:262)
 web2.Simple.run(Simple.java:10)
22-Mar-2017 17:44:06.963 WARNING [localhost-startStop-2] org.apache.catalina.loader.WebappClassLoaderBase.clearReferencesThreads The web application [web2] appears to have started a thread named [t1] but has failed to stop it. This is very likely to create a memory leak. Stack trace of thread:
 java.io.PrintStream.println(PrintStream.java:805)
 org.apache.tomcat.util.log.SystemLogHandler.println(SystemLogHandler.java:262)
 web2.Simple.run(Simple.java:10)
22-Mar-2017 17:44:06.965 WARNING [localhost-startStop-2] org.apache.catalina.loader.WebappClassLoaderBase.clearReferencesThreads The web application [web2] appears to have started a thread named [t1] but has failed to stop it. This is very likely to create a memory leak. Stack trace of thread:
 java.io.PrintStream.println(PrintStream.java:805)
 org.apache.tomcat.util.log.SystemLogHandler.println(SystemLogHandler.java:262)
 web2.Simple.run(Simple.java:10)
22-Mar-2017 17:44:06.988 INFO [Thread-5] org.apache.coyote.AbstractProtocol.stop Stopping ProtocolHandler ["http-apr-8080"]
22-Mar-2017 17:44:07.044 INFO [Thread-5] org.apache.coyote.AbstractProtocol.stop Stopping ProtocolHandler ["ajp-apr-8009"]
22-Mar-2017 17:44:07.096 INFO [Thread-5] org.apache.coyote.AbstractProtocol.destroy Destroying ProtocolHandler ["http-apr-8080"]
22-Mar-2017 17:44:07.097 INFO [Thread-5] org.apache.coyote.AbstractProtocol.destroy Destroying ProtocolHandler ["ajp-apr-8009"]
